[12/04/2017 21:28:39,575] [] [INFO] [org.apache.camel.spring.spi.BridgePropertyPlaceholderConfigurer]:172 - Loading properties file from class path resource [properties/application-localhost.properties]
[12/04/2017 21:28:39,732] [] [INFO] [org.springframework.beans.factory.annotation.AutowiredAnnotationBeanPostProcessor]:153 - JSR-330 'javax.inject.Inject' annotation found and supported for autowiring
[12/04/2017 21:28:39,860] [] [INFO] [org.apache.camel.spring.spi.BridgePropertyPlaceholderConfigurer]:172 - Loading properties file from class path resource [properties/application-localhost.properties]
[12/04/2017 21:28:40,043] [] [INFO] [org.springframework.beans.factory.annotation.AutowiredAnnotationBeanPostProcessor]:153 - JSR-330 'javax.inject.Inject' annotation found and supported for autowiring
[12/04/2017 21:28:41,496] [] [INFO] [org.springframework.context.support.PostProcessorRegistrationDelegate$BeanPostProcessorChecker]:309 - Bean 'org.springframework.transaction.annotation.AnnotationTransactionAttributeSource#0' of type [class org.springframework.transaction.annotation.AnnotationTransactionAttributeSource] is not eligible for getting processed by all BeanPostProcessors (for example: not eligible for auto-proxying)
[12/04/2017 21:28:41,502] [] [INFO] [org.springframework.context.support.PostProcessorRegistrationDelegate$BeanPostProcessorChecker]:309 - Bean 'org.springframework.transaction.config.internalTransactionAdvisor' of type [class org.springframework.transaction.interceptor.BeanFactoryTransactionAttributeSourceAdvisor] is not eligible for getting processed by all BeanPostProcessors (for example: not eligible for auto-proxying)
[12/04/2017 21:28:41,575] [] [INFO] [org.springframework.context.support.PostProcessorRegistrationDelegate$BeanPostProcessorChecker]:309 - Bean 'org.springframework.transaction.annotation.AnnotationTransactionAttributeSource#0' of type [class org.springframework.transaction.annotation.AnnotationTransactionAttributeSource] is not eligible for getting processed by all BeanPostProcessors (for example: not eligible for auto-proxying)
[12/04/2017 21:28:41,632] [] [INFO] [org.springframework.context.support.PostProcessorRegistrationDelegate$BeanPostProcessorChecker]:309 - Bean 'org.springframework.transaction.config.internalTransactionAdvisor' of type [class org.springframework.transaction.interceptor.BeanFactoryTransactionAttributeSourceAdvisor] is not eligible for getting processed by all BeanPostProcessors (for example: not eligible for auto-proxying)
[12/04/2017 21:28:42,169] [] [INFO] [org.springframework.orm.jpa.persistenceunit.DefaultPersistenceUnitManager]:498 - Found explicit default unit with name 'mainPU' in persistence.xml - overriding local default unit settings ('packagesToScan'/'mappingResources')
[12/04/2017 21:28:42,177] [] [INFO] [org.springframework.orm.jpa.LocalContainerEntityManagerFactoryBean]:339 - Building JPA container EntityManagerFactory for persistence unit 'mainPU'
[12/04/2017 21:28:42,199] [] [INFO] [org.springframework.orm.jpa.persistenceunit.DefaultPersistenceUnitManager]:498 - Found explicit default unit with name 'mainPU' in persistence.xml - overriding local default unit settings ('packagesToScan'/'mappingResources')
[12/04/2017 21:28:42,206] [] [INFO] [org.springframework.orm.jpa.LocalContainerEntityManagerFactoryBean]:339 - Building JPA container EntityManagerFactory for persistence unit 'mainPU'
[12/04/2017 21:28:42,633] [] [INFO] [org.apache.camel.spring.spi.BridgePropertyPlaceholderConfigurer]:172 - Loading properties file from class path resource [properties/application-localhost.properties]
[12/04/2017 21:28:42,720] [] [INFO] [org.springframework.beans.factory.annotation.AutowiredAnnotationBeanPostProcessor]:153 - JSR-330 'javax.inject.Inject' annotation found and supported for autowiring
[12/04/2017 21:28:43,310] [] [INFO] [org.springframework.orm.jpa.persistenceunit.DefaultPersistenceUnitManager]:498 - Found explicit default unit with name 'mainPU' in persistence.xml - overriding local default unit settings ('packagesToScan'/'mappingResources')
[12/04/2017 21:28:43,314] [] [INFO] [org.springframework.orm.jpa.LocalContainerEntityManagerFactoryBean]:339 - Building JPA container EntityManagerFactory for persistence unit 'mainPU'
[12/04/2017 21:28:44,473] [] [INFO] [org.springframework.orm.jpa.persistenceunit.DefaultPersistenceUnitManager]:498 - Found explicit default unit with name 'mainPU' in persistence.xml - overriding local default unit settings ('packagesToScan'/'mappingResources')
[12/04/2017 21:28:44,489] [] [INFO] [org.springframework.orm.jpa.LocalContainerEntityManagerFactoryBean]:339 - Building JPA container EntityManagerFactory for persistence unit 'mainPU'
[12/04/2017 21:28:44,594] [] [INFO] [org.springframework.orm.jpa.persistenceunit.DefaultPersistenceUnitManager]:498 - Found explicit default unit with name 'mainPU' in persistence.xml - overriding local default unit settings ('packagesToScan'/'mappingResources')
[12/04/2017 21:28:44,617] [] [INFO] [org.springframework.orm.jpa.LocalContainerEntityManagerFactoryBean]:339 - Building JPA container EntityManagerFactory for persistence unit 'mainPU'
[12/04/2017 21:28:44,643] [] [INFO] [org.springframework.orm.jpa.persistenceunit.DefaultPersistenceUnitManager]:498 - Found explicit default unit with name 'mainPU' in persistence.xml - overriding local default unit settings ('packagesToScan'/'mappingResources')
[12/04/2017 21:28:44,645] [] [INFO] [org.springframework.orm.jpa.LocalContainerEntityManagerFactoryBean]:339 - Building JPA container EntityManagerFactory for persistence unit 'mainPU'
[12/04/2017 21:28:45,004] [] [INFO] [org.springframework.transaction.jta.JtaTransactionManager]:490 - Using JTA UserTransaction: org.jboss.tm.usertx.client.ServerVMClientUserTransaction@7526902d
[12/04/2017 21:28:45,005] [] [INFO] [org.springframework.transaction.jta.JtaTransactionManager]:501 - Using JTA TransactionManager: com.arjuna.ats.jbossatx.jta.TransactionManagerDelegate@3a4ac285
[12/04/2017 21:28:45,011] [] [INFO] [org.springframework.transaction.jta.JtaTransactionManager]:535 - Using JTA TransactionSynchronizationRegistry: com.arjuna.ats.internal.jta.transaction.arjunacore.TransactionSynchronizationRegistryImple@66fc2647
[12/04/2017 21:28:45,115] [] [INFO] [org.springframework.transaction.jta.JtaTransactionManager]:490 - Using JTA UserTransaction: org.jboss.tm.usertx.client.ServerVMClientUserTransaction@7526902d
[12/04/2017 21:28:45,119] [] [INFO] [org.springframework.transaction.jta.JtaTransactionManager]:501 - Using JTA TransactionManager: com.arjuna.ats.jbossatx.jta.TransactionManagerDelegate@3a4ac285
[12/04/2017 21:28:45,124] [] [INFO] [org.springframework.transaction.jta.JtaTransactionManager]:535 - Using JTA TransactionSynchronizationRegistry: com.arjuna.ats.internal.jta.transaction.arjunacore.TransactionSynchronizationRegistryImple@66fc2647
[12/04/2017 21:28:45,219] [] [INFO] [org.springframework.transaction.jta.JtaTransactionManager]:490 - Using JTA UserTransaction: org.jboss.tm.usertx.client.ServerVMClientUserTransaction@7526902d
[12/04/2017 21:28:45,220] [] [INFO] [org.springframework.transaction.jta.JtaTransactionManager]:501 - Using JTA TransactionManager: com.arjuna.ats.jbossatx.jta.TransactionManagerDelegate@3a4ac285
[12/04/2017 21:28:45,226] [] [INFO] [org.springframework.transaction.jta.JtaTransactionManager]:535 - Using JTA TransactionSynchronizationRegistry: com.arjuna.ats.internal.jta.transaction.arjunacore.TransactionSynchronizationRegistryImple@66fc2647
[12/04/2017 21:28:46,799] [] [INFO] [org.springframework.transaction.jta.JtaTransactionManager]:490 - Using JTA UserTransaction: org.jboss.tm.usertx.client.ServerVMClientUserTransaction@7526902d
[12/04/2017 21:28:46,799] [] [INFO] [org.springframework.transaction.jta.JtaTransactionManager]:501 - Using JTA TransactionManager: com.arjuna.ats.jbossatx.jta.TransactionManagerDelegate@3a4ac285
[12/04/2017 21:28:46,800] [] [INFO] [org.springframework.transaction.jta.JtaTransactionManager]:535 - Using JTA TransactionSynchronizationRegistry: com.arjuna.ats.internal.jta.transaction.arjunacore.TransactionSynchronizationRegistryImple@66fc2647
[12/04/2017 21:28:46,853] [] [INFO] [org.springframework.transaction.jta.JtaTransactionManager]:490 - Using JTA UserTransaction: org.jboss.tm.usertx.client.ServerVMClientUserTransaction@7526902d
[12/04/2017 21:28:46,854] [] [INFO] [org.springframework.transaction.jta.JtaTransactionManager]:501 - Using JTA TransactionManager: com.arjuna.ats.jbossatx.jta.TransactionManagerDelegate@3a4ac285
[12/04/2017 21:28:46,855] [] [INFO] [org.springframework.transaction.jta.JtaTransactionManager]:535 - Using JTA TransactionSynchronizationRegistry: com.arjuna.ats.internal.jta.transaction.arjunacore.TransactionSynchronizationRegistryImple@66fc2647
[12/04/2017 21:28:46,959] [] [INFO] [org.springframework.transaction.jta.JtaTransactionManager]:490 - Using JTA UserTransaction: org.jboss.tm.usertx.client.ServerVMClientUserTransaction@7526902d
[12/04/2017 21:28:46,972] [] [INFO] [org.springframework.transaction.jta.JtaTransactionManager]:501 - Using JTA TransactionManager: com.arjuna.ats.jbossatx.jta.TransactionManagerDelegate@3a4ac285
[12/04/2017 21:28:46,973] [] [INFO] [org.springframework.transaction.jta.JtaTransactionManager]:535 - Using JTA TransactionSynchronizationRegistry: com.arjuna.ats.internal.jta.transaction.arjunacore.TransactionSynchronizationRegistryImple@66fc2647
[12/04/2017 21:28:47,710] [] [INFO] [org.apache.camel.spring.CamelContextFactoryBean]:288 - Bridging Camel and Spring property placeholder configurer with id: bridgePropertyPlaceholder
[12/04/2017 21:28:48,708] [] [INFO] [org.apache.camel.spring.SpringCamelContext]:2794 - Apache Camel 2.17.1 (CamelContext: camel) is starting
[12/04/2017 21:28:48,712] [] [INFO] [org.apache.camel.management.ManagedManagementStrategy]:191 - JMX is enabled
[12/04/2017 21:28:49,194] [] [INFO] [org.apache.camel.impl.converter.DefaultTypeConverter]:56 - Loaded 207 type converters
[12/04/2017 21:28:49,269] [] [INFO] [org.apache.camel.impl.DefaultRuntimeEndpointRegistry]:203 - Runtime endpoint registry is in extended mode gathering usage statistics of all incoming and outgoing endpoints (cache limit: 1000)
[12/04/2017 21:28:51,360] [] [INFO] [org.apache.camel.component.seda.SedaEndpoint]:170 - Endpoint Endpoint[seda://slackAlert] is using shared queue: seda://slackAlert with size: 2147483647
[12/04/2017 21:28:51,622] [] [INFO] [org.apache.camel.spring.spi.BridgePropertyPlaceholderConfigurer]:172 - Loading properties file from class path resource [properties/application-localhost.properties]
[12/04/2017 21:28:51,633] [] [INFO] [org.apache.camel.component.seda.SedaEndpoint]:170 - Endpoint Endpoint[seda://slackAlert?waitForTaskToComplete=Never] is using shared queue: seda://slackAlert with size: 2147483647
[12/04/2017 21:28:51,729] [] [INFO] [org.springframework.beans.factory.annotation.AutowiredAnnotationBeanPostProcessor]:153 - JSR-330 'javax.inject.Inject' annotation found and supported for autowiring
[12/04/2017 21:28:52,447] [] [INFO] [org.springframework.orm.jpa.persistenceunit.DefaultPersistenceUnitManager]:498 - Found explicit default unit with name 'mainPU' in persistence.xml - overriding local default unit settings ('packagesToScan'/'mappingResources')
[12/04/2017 21:28:52,449] [] [INFO] [org.springframework.orm.jpa.LocalContainerEntityManagerFactoryBean]:339 - Building JPA container EntityManagerFactory for persistence unit 'mainPU'
[12/04/2017 21:28:52,622] [] [INFO] [org.apache.camel.spring.SpringCamelContext]:3033 - AllowUseOriginalMessage is enabled. If access to the original message is not needed, then its recommended to turn this option off as it may improve performance.
[12/04/2017 21:28:52,627] [] [INFO] [org.apache.camel.spring.SpringCamelContext]:3043 - StreamCaching is not in use. If using streams then its recommended to enable stream caching. See more details at http://camel.apache.org/stream-caching.html
[12/04/2017 21:28:52,775] [] [INFO] [org.springframework.orm.jpa.LocalContainerEntityManagerFactoryBean]:339 - Building JPA container EntityManagerFactory for persistence unit 'mainPU'
[12/04/2017 21:28:52,989] [] [INFO] [org.springframework.transaction.jta.JtaTransactionManager]:490 - Using JTA UserTransaction: org.jboss.tm.usertx.client.ServerVMClientUserTransaction@7526902d
[12/04/2017 21:28:52,990] [] [INFO] [org.springframework.transaction.jta.JtaTransactionManager]:501 - Using JTA TransactionManager: com.arjuna.ats.jbossatx.jta.TransactionManagerDelegate@3a4ac285
[12/04/2017 21:28:52,994] [] [INFO] [org.springframework.transaction.jta.JtaTransactionManager]:535 - Using JTA TransactionSynchronizationRegistry: com.arjuna.ats.internal.jta.transaction.arjunacore.TransactionSynchronizationRegistryImple@66fc2647
[12/04/2017 21:28:53,432] [] [INFO] [org.apache.camel.spring.SpringCamelContext]:3564 - Route: StopDestinationMapperRoute started and consuming from: Endpoint[servlet:/stopMapper]
[12/04/2017 21:28:53,449] [] [INFO] [org.apache.camel.spring.SpringCamelContext]:3564 - Route: slackAlert started and consuming from: Endpoint[seda://slackAlert]
[12/04/2017 21:28:53,455] [] [INFO] [org.apache.camel.spring.SpringCamelContext]:3564 - Route: DestinationMapperRoute started and consuming from: Endpoint[servlet:/geoMapper]
[12/04/2017 21:28:53,458] [] [INFO] [org.apache.camel.spring.SpringCamelContext]:3564 - Route: route1 started and consuming from: Endpoint[direct://processCountryCodes]
[12/04/2017 21:28:53,494] [] [INFO] [org.apache.camel.spring.SpringCamelContext]:3564 - Route: RegionMapperRoute started and consuming from: Endpoint[direct://processRegionMapper]
[12/04/2017 21:28:53,509] [] [INFO] [org.apache.camel.spring.SpringCamelContext]:3564 - Route: route2 started and consuming from: Endpoint[direct://singleEANHotelChannel]
[12/04/2017 21:28:53,529] [] [INFO] [org.apache.camel.spring.SpringCamelContext]:3564 - Route: route3 started and consuming from: Endpoint[direct://singleBKGHotelChannel]
[12/04/2017 21:28:53,539] [] [INFO] [org.apache.camel.spring.SpringCamelContext]:3564 - Route: route4 started and consuming from: Endpoint[direct://singleTRVHotelChannel]
[12/04/2017 21:28:53,544] [] [INFO] [org.apache.camel.spring.SpringCamelContext]:2834 - Total 8 routes, of which 8 are started.
[12/04/2017 21:28:53,547] [] [INFO] [org.apache.camel.spring.SpringCamelContext]:2835 - Apache Camel 2.17.1 (CamelContext: camel) started in 4.836 seconds
[12/04/2017 21:28:53,816] [] [INFO] [org.apache.camel.component.servlet.CamelHttpTransportServlet]:77 - Initialized CamelHttpTransportServlet[name=CamelServlet, contextPath=/destination-mapper]
[12/04/2017 21:28:54,602] [] [INFO] [org.springframework.transaction.jta.JtaTransactionManager]:490 - Using JTA UserTransaction: org.jboss.tm.usertx.client.ServerVMClientUserTransaction@7526902d
[12/04/2017 21:28:54,610] [] [INFO] [org.springframework.transaction.jta.JtaTransactionManager]:501 - Using JTA TransactionManager: com.arjuna.ats.jbossatx.jta.TransactionManagerDelegate@3a4ac285
[12/04/2017 21:28:54,615] [] [INFO] [org.springframework.transaction.jta.JtaTransactionManager]:535 - Using JTA TransactionSynchronizationRegistry: com.arjuna.ats.internal.jta.transaction.arjunacore.TransactionSynchronizationRegistryImple@66fc2647
