[13/04/2017 14:40:59,895] [] [INFO] [org.apache.camel.spring.CamelContextFactoryBean]:288 - Bridging Camel and Spring property placeholder configurer with id: bridgePropertyPlaceholder
[13/04/2017 14:40:59,942] [] [INFO] [org.apache.camel.core.xml.AbstractCamelContextFactoryBean]:261 - Using custom EventNotifier with id: auditEventNotifier and implementation: com.cocha.hotels.util.AuditEventNotifier@7203bb63
[13/04/2017 14:41:01,628] [] [INFO] [org.apache.camel.impl.converter.DefaultTypeConverter]:56 - Loaded 207 type converters
[13/04/2017 14:41:01,734] [] [INFO] [org.apache.camel.spring.SpringCamelContext]:2794 - Apache Camel 2.17.1 (CamelContext: camel) is starting
[13/04/2017 14:41:01,753] [] [INFO] [org.apache.camel.spring.SpringCamelContext]:2907 - Tracing is enabled on CamelContext: camel
[13/04/2017 14:41:01,754] [] [INFO] [org.apache.camel.spring.SpringCamelContext]:2912 - MDC logging is enabled on CamelContext: camel
[13/04/2017 14:41:01,756] [] [INFO] [org.apache.camel.management.ManagedManagementStrategy]:191 - JMX is enabled
[13/04/2017 14:41:01,955] [] [WARN] [org.apache.camel.management.DefaultManagementLifecycleStrategy]:178 - This CamelContext(camel) will be registered using the name: camel-1 due to clash with an existing name already registered in MBeanServer.
[13/04/2017 14:41:02,157] [] [INFO] [org.apache.camel.impl.DefaultRuntimeEndpointRegistry]:203 - Runtime endpoint registry is in extended mode gathering usage statistics of all incoming and outgoing endpoints (cache limit: 1000)
[13/04/2017 14:41:03,461] [] [INFO] [org.apache.camel.component.seda.SedaEndpoint]:170 - Endpoint Endpoint[seda://slackAlert?waitForTaskToComplete=Never] is using shared queue: seda://slackAlert with size: 2147483647
[13/04/2017 14:41:03,942] [] [INFO] [org.apache.camel.component.seda.SedaEndpoint]:170 - Endpoint Endpoint[seda://slackAlert] is using shared queue: seda://slackAlert with size: 2147483647
[13/04/2017 14:41:04,473] [] [INFO] [org.apache.camel.component.jpa.JpaComponent]:134 - Using EntityManagerFactory configured: org.springframework.orm.jpa.LocalContainerEntityManagerFactoryBean@5152ec03
[13/04/2017 14:41:04,479] [] [INFO] [org.apache.camel.component.jpa.JpaComponent]:150 - Using TransactionManager configured on this component: org.springframework.transaction.jta.JtaTransactionManager@491089cf
[13/04/2017 14:41:05,064] [] [INFO] [org.apache.camel.spring.SpringCamelContext]:3033 - AllowUseOriginalMessage is enabled. If access to the original message is not needed, then its recommended to turn this option off as it may improve performance.
[13/04/2017 14:41:05,065] [] [INFO] [org.apache.camel.spring.SpringCamelContext]:3043 - StreamCaching is not in use. If using streams then its recommended to enable stream caching. See more details at http://camel.apache.org/stream-caching.html
[13/04/2017 14:41:06,951] [] [INFO] [org.apache.camel.spring.SpringCamelContext]:3564 - Route: BuildVersionRoute started and consuming from: Endpoint[servlet:/build]
[13/04/2017 14:41:06,956] [] [INFO] [org.apache.camel.spring.SpringCamelContext]:3564 - Route: HotelContentRoute started and consuming from: Endpoint[direct://content]
[13/04/2017 14:41:06,978] [] [INFO] [org.apache.camel.spring.SpringCamelContext]:3564 - Route: HotelTripAdvisorRoute started and consuming from: Endpoint[servlet:/tripAdvisor]
[13/04/2017 14:41:06,982] [] [INFO] [org.apache.camel.spring.SpringCamelContext]:3564 - Route: HotelProcessTripAdvisorRoute started and consuming from: Endpoint[direct://processTripAdvisor]
[13/04/2017 14:41:07,028] [] [INFO] [org.apache.camel.spring.SpringCamelContext]:3564 - Route: slackAlert started and consuming from: Endpoint[seda://slackAlert]
[13/04/2017 14:41:07,054] [] [INFO] [org.apache.camel.spring.SpringCamelContext]:3564 - Route: HotelRoomsRoute started and consuming from: Endpoint[servlet:/roomsMapper]
[13/04/2017 14:41:07,063] [] [INFO] [org.apache.camel.spring.SpringCamelContext]:3564 - Route: HotelMapperRoute started and consuming from: Endpoint[servlet:/hotelMapper]
[13/04/2017 14:41:07,072] [] [INFO] [org.apache.camel.spring.SpringCamelContext]:3564 - Route: route1 started and consuming from: Endpoint[direct://marshalResponse]
[13/04/2017 14:41:07,083] [] [INFO] [org.apache.camel.spring.SpringCamelContext]:3564 - Route: HotelProcessorMapperOneCountryRoute started and consuming from: Endpoint[direct://mapSelectedCountries]
[13/04/2017 14:41:07,084] [] [INFO] [org.apache.camel.spring.SpringCamelContext]:3564 - Route: HotelProcessorMapperAllCountryRoute started and consuming from: Endpoint[direct://mapAllCountries]
[13/04/2017 14:41:07,086] [] [INFO] [org.apache.camel.spring.SpringCamelContext]:3564 - Route: HotelProcessorMapperRoute started and consuming from: Endpoint[direct://mapOneCountry]
[13/04/2017 14:41:07,088] [] [INFO] [org.apache.camel.spring.SpringCamelContext]:3564 - Route: HotelMapperProcessRoomRoute started and consuming from: Endpoint[direct://processRooms]
[13/04/2017 14:41:07,089] [] [INFO] [org.apache.camel.spring.SpringCamelContext]:3564 - Route: route2 started and consuming from: Endpoint[direct://executeRoomsForImagesQuery]
[13/04/2017 14:41:07,090] [] [INFO] [org.apache.camel.spring.SpringCamelContext]:3564 - Route: GiataMapperRestEndpointRoute started and consuming from: Endpoint[servlet:/giataMapper]
[13/04/2017 14:41:07,123] [] [INFO] [org.apache.camel.spring.SpringCamelContext]:3564 - Route: GiataMapperForSelectedCountriesRoute started and consuming from: Endpoint[direct://giataForSelectedCountries]
[13/04/2017 14:41:07,125] [] [INFO] [org.apache.camel.spring.SpringCamelContext]:3564 - Route: GiataMapperForAllCountriesRoute started and consuming from: Endpoint[direct://giataForAllCountries]
[13/04/2017 14:41:07,128] [] [INFO] [org.apache.camel.spring.SpringCamelContext]:3564 - Route: GiataForHotelMappingsInDBRoute started and consuming from: Endpoint[direct://giataForHotelMappingsInDB]
[13/04/2017 14:41:07,132] [] [INFO] [org.apache.camel.spring.SpringCamelContext]:3564 - Route: GiataHotelMapperOneCountryRoute started and consuming from: Endpoint[direct://processGiataOneCountry]
[13/04/2017 14:41:07,136] [] [INFO] [org.apache.camel.spring.SpringCamelContext]:3564 - Route: GiataHotelMapperOneCountryRouteEnabled started and consuming from: Endpoint[direct://processGiataEnabled]
[13/04/2017 14:41:07,147] [] [INFO] [org.apache.camel.spring.SpringCamelContext]:3564 - Route: GiataMappingRoute started and consuming from: Endpoint[direct://sabreMappingThruGiata]
[13/04/2017 14:41:07,150] [] [INFO] [org.apache.camel.spring.SpringCamelContext]:2834 - Total 20 routes, of which 20 are started.
[13/04/2017 14:41:07,156] [] [INFO] [org.apache.camel.spring.SpringCamelContext]:2835 - Apache Camel 2.17.1 (CamelContext: camel) started in 5.417 seconds
[13/04/2017 14:41:07,218] [] [INFO] [org.apache.camel.component.servlet.CamelHttpTransportServlet]:77 - Initialized CamelHttpTransportServlet[name=CamelServlet, contextPath=/hotel-mapper]
