[0m[12/04/2017 21:28:55,756] [] [INFO] [th:ServerService Thread Pool -- 63] [com.hazelcast.core.LifecycleService]:-1 - HazelcastClient[hz.client_0_meta-search][3.5.3] is STARTING
[0m[0m[12/04/2017 21:28:57,417] [] [INFO] [th:ServerService Thread Pool -- 63] [com.hazelcast.core.LifecycleService]:-1 - HazelcastClient[hz.client_0_meta-search][3.5.3] is STARTED
[0m[0m[12/04/2017 21:28:58,548] [] [INFO] [th:hz.client_0_meta-search.user-1] [com.hazelcast.core.LifecycleService]:-1 - HazelcastClient[hz.client_0_meta-search][3.5.3] is CLIENT_CONNECTED
[0m[0m[12/04/2017 21:28:58,603] [] [INFO] [th:hz.client_0_meta-search.event-5] [com.hazelcast.client.spi.impl.ClientMembershipListener]:-1 - 

Members [1] {
	Member [172.18.0.6]:5701
}

[0m[0m[12/04/2017 21:28:59,561] [] [INFO] [th:ServerService Thread Pool -- 63] [org.apache.camel.spring.CamelContextFactoryBean]:288 - Bridging Camel and Spring property placeholder configurer with id: bridgePropertyPlaceholder
[0m[0m[12/04/2017 21:28:59,931] [] [INFO] [th:ServerService Thread Pool -- 63] [org.apache.cxf.wsdl.service.factory.ReflectionServiceFactoryBean]:434 - Creating Service {http://services.webservices.cocha.cl/}SabreTokenStatusServiceService from class cl.cocha.webservices.services.SabreTokenStatusService
[0m[0m[12/04/2017 21:29:02,581] [] [INFO] [th:ServerService Thread Pool -- 63] [org.infinispan.spring.AbstractEmbeddedCacheManagerFactory]:86 - Initializing SpringEmbeddedCacheManager instance ...
[0m[0m[12/04/2017 21:29:02,916] [] [INFO] [th:ServerService Thread Pool -- 63] [org.infinispan.spring.AbstractEmbeddedCacheManagerFactory]:91 - Successfully initialized SpringEmbeddedCacheManager instance [org.infinispan.spring.provider.SpringEmbeddedCacheManager@5a496af8]
[0m[0m[12/04/2017 21:29:03,019] [] [INFO] [th:ServerService Thread Pool -- 63] [org.dozer.config.GlobalSettings]:113 - Trying to find Dozer configuration file: dozer.properties
[0m[33m[12/04/2017 21:29:03,033] [] [WARN] [th:ServerService Thread Pool -- 63] [org.dozer.config.GlobalSettings]:118 - Dozer configuration file not found: dozer.properties.  Using defaults for all Dozer global properties.
[0m[0m[12/04/2017 21:29:03,038] [] [INFO] [th:ServerService Thread Pool -- 63] [org.dozer.DozerInitializer]:75 - Initializing Dozer. Version: 5.5.0, Thread Name: ServerService Thread Pool -- 63
[0m[0m[12/04/2017 21:29:03,042] [] [INFO] [th:ServerService Thread Pool -- 63] [org.dozer.jmx.JMXPlatformImpl]:66 - Dozer JMX MBean [org.dozer.jmx:type=DozerStatisticsController] auto registered with the Platform MBean Server
[0m[0m[12/04/2017 21:29:03,043] [] [INFO] [th:ServerService Thread Pool -- 63] [org.dozer.jmx.JMXPlatformImpl]:66 - Dozer JMX MBean [org.dozer.jmx:type=DozerAdminController] auto registered with the Platform MBean Server
[0m[0m[12/04/2017 21:29:03,045] [] [INFO] [th:ServerService Thread Pool -- 63] [org.dozer.DozerBeanMapper]:175 - Initializing a new instance of dozer bean mapper.
[0m[0m[12/04/2017 21:29:03,226] [] [INFO] [th:ServerService Thread Pool -- 63] [org.apache.camel.impl.converter.DefaultTypeConverter]:56 - Loaded 202 type converters
[0m[0m[12/04/2017 21:29:03,314] [] [INFO] [th:ServerService Thread Pool -- 63] [org.apache.camel.converter.dozer.DozerTypeConverterLoader]:281 - Added Dozer: mapper as Camel type converter: class com.cocha.hotels.model.matesearch.response.supplier.ResponseSuppliers -> class com.cocha.hotels.model.matesearch.supplier.ean.hotel.SupplierEANHotelResponse
[0m[0m[12/04/2017 21:29:03,315] [] [INFO] [th:ServerService Thread Pool -- 63] [org.apache.camel.converter.dozer.DozerTypeConverterLoader]:281 - Added Dozer: mapper as Camel type converter: class com.cocha.hotels.model.matesearch.supplier.ean.hotel.SupplierEANHotelResponse -> class com.cocha.hotels.model.matesearch.response.supplier.ResponseSuppliers
[0m[0m[12/04/2017 21:29:03,316] [] [INFO] [th:ServerService Thread Pool -- 63] [org.apache.camel.converter.dozer.DozerTypeConverterLoader]:281 - Added Dozer: mapper as Camel type converter: class com.cocha.hotels.model.matesearch.canonical.RateInfoForSupplier -> class com.cocha.hotels.model.matesearch.supplier.ean.hotel.HotelSummaryElement
[0m[0m[12/04/2017 21:29:03,317] [] [INFO] [th:ServerService Thread Pool -- 63] [org.apache.camel.converter.dozer.DozerTypeConverterLoader]:281 - Added Dozer: mapper as Camel type converter: class com.cocha.hotels.model.matesearch.supplier.ean.hotel.HotelSummaryElement -> class com.cocha.hotels.model.matesearch.canonical.RateInfoForSupplier
[0m[0m[12/04/2017 21:29:03,318] [] [INFO] [th:ServerService Thread Pool -- 63] [org.apache.camel.converter.dozer.DozerTypeConverterLoader]:281 - Added Dozer: mapper as Camel type converter: class com.cocha.hotels.model.matesearch.canonical.HotelRoomAvailabilityForSupplier -> class com.cocha.hotels.matesearch.util.EANRoom
[0m[0m[12/04/2017 21:29:03,319] [] [INFO] [th:ServerService Thread Pool -- 63] [org.apache.camel.converter.dozer.DozerTypeConverterLoader]:281 - Added Dozer: mapper as Camel type converter: class com.cocha.hotels.matesearch.util.EANRoom -> class com.cocha.hotels.model.matesearch.canonical.HotelRoomAvailabilityForSupplier
[0m[0m[12/04/2017 21:29:03,319] [] [INFO] [th:ServerService Thread Pool -- 63] [org.apache.camel.converter.dozer.DozerTypeConverterLoader]:281 - Added Dozer: mapper as Camel type converter: class com.cocha.hotels.model.matesearch.response.supplier.ResponseSuppliers -> class com.cocha.hotels.model.matesearch.supplier.booking.GetHotelAvailabilityBooking
[0m[0m[12/04/2017 21:29:03,320] [] [INFO] [th:ServerService Thread Pool -- 63] [org.apache.camel.converter.dozer.DozerTypeConverterLoader]:281 - Added Dozer: mapper as Camel type converter: class com.cocha.hotels.model.matesearch.supplier.booking.GetHotelAvailabilityBooking -> class com.cocha.hotels.model.matesearch.response.supplier.ResponseSuppliers
[0m[0m[12/04/2017 21:29:03,321] [] [INFO] [th:ServerService Thread Pool -- 63] [org.apache.camel.converter.dozer.DozerTypeConverterLoader]:281 - Added Dozer: mapper as Camel type converter: class com.cocha.hotels.model.matesearch.canonical.HotelRoomAvailabilityForSupplier -> class com.cocha.hotels.matesearch.util.BookingRoom
[0m[0m[12/04/2017 21:29:03,321] [] [INFO] [th:ServerService Thread Pool -- 63] [org.apache.camel.converter.dozer.DozerTypeConverterLoader]:281 - Added Dozer: mapper as Camel type converter: class com.cocha.hotels.matesearch.util.BookingRoom -> class com.cocha.hotels.model.matesearch.canonical.HotelRoomAvailabilityForSupplier
[0m[0m[12/04/2017 21:29:03,322] [] [INFO] [th:ServerService Thread Pool -- 63] [org.apache.camel.converter.dozer.DozerTypeConverterLoader]:281 - Added Dozer: mapper as Camel type converter: class com.cocha.hotels.model.matesearch.response.supplier.ResponseSuppliers -> class com.sabre.webservices.sabrexml._2011._10.OTAHotelAvailRS
[0m[0m[12/04/2017 21:29:03,322] [] [INFO] [th:ServerService Thread Pool -- 63] [org.apache.camel.converter.dozer.DozerTypeConverterLoader]:281 - Added Dozer: mapper as Camel type converter: class com.sabre.webservices.sabrexml._2011._10.OTAHotelAvailRS -> class com.cocha.hotels.model.matesearch.response.supplier.ResponseSuppliers
[0m[0m[12/04/2017 21:29:03,323] [] [INFO] [th:ServerService Thread Pool -- 63] [org.apache.camel.converter.dozer.DozerTypeConverterLoader]:281 - Added Dozer: mapper as Camel type converter: class com.cocha.hotels.model.matesearch.canonical.RateInfoForSupplier -> class com.sabre.webservices.sabrexml._2011._10.OTAHotelAvailRS$AvailabilityOptions$AvailabilityOption
[0m[0m[12/04/2017 21:29:03,323] [] [INFO] [th:ServerService Thread Pool -- 63] [org.apache.camel.converter.dozer.DozerTypeConverterLoader]:281 - Added Dozer: mapper as Camel type converter: class com.sabre.webservices.sabrexml._2011._10.OTAHotelAvailRS$AvailabilityOptions$AvailabilityOption -> class com.cocha.hotels.model.matesearch.canonical.RateInfoForSupplier
[0m[0m[12/04/2017 21:29:03,324] [] [INFO] [th:ServerService Thread Pool -- 63] [org.apache.camel.converter.dozer.DozerTypeConverterLoader]:281 - Added Dozer: mapper as Camel type converter: class com.cocha.hotels.model.matesearch.canonical.HotelRoomAvailabilityForSupplier -> class com.sabre.webservices.sabrexml._2011._10.HotelPropertyDescriptionRS
[0m[0m[12/04/2017 21:29:03,336] [] [INFO] [th:ServerService Thread Pool -- 63] [org.apache.camel.converter.dozer.DozerTypeConverterLoader]:281 - Added Dozer: mapper as Camel type converter: class com.sabre.webservices.sabrexml._2011._10.HotelPropertyDescriptionRS -> class com.cocha.hotels.model.matesearch.canonical.HotelRoomAvailabilityForSupplier
[0m[0m[12/04/2017 21:29:03,337] [] [INFO] [th:ServerService Thread Pool -- 63] [org.apache.camel.converter.dozer.DozerTypeConverterLoader]:281 - Added Dozer: mapper as Camel type converter: class com.cocha.hotels.model.matesearch.canonical.SabreRoom -> class com.sabre.webservices.sabrexml._2011._10.HotelPropertyDescriptionRS$RoomStay$RoomRates$RoomRate
[0m[0m[12/04/2017 21:29:03,338] [] [INFO] [th:ServerService Thread Pool -- 63] [org.apache.camel.converter.dozer.DozerTypeConverterLoader]:281 - Added Dozer: mapper as Camel type converter: class com.sabre.webservices.sabrexml._2011._10.HotelPropertyDescriptionRS$RoomStay$RoomRates$RoomRate -> class com.cocha.hotels.model.matesearch.canonical.SabreRoom
[0m[0m[12/04/2017 21:29:03,564] [] [INFO] [th:ServerService Thread Pool -- 63] [org.apache.camel.spring.SpringCamelContext]:2794 - Apache Camel 2.17.1 (CamelContext: camel) is starting
[0m[0m[12/04/2017 21:29:03,566] [] [INFO] [th:ServerService Thread Pool -- 63] [org.apache.camel.spring.SpringCamelContext]:2907 - Tracing is enabled on CamelContext: camel
[0m[0m[12/04/2017 21:29:03,570] [] [INFO] [th:ServerService Thread Pool -- 63] [org.apache.camel.spring.SpringCamelContext]:2912 - MDC logging is enabled on CamelContext: camel
[0m[0m[12/04/2017 21:29:03,575] [] [INFO] [th:ServerService Thread Pool -- 63] [org.apache.camel.management.ManagedManagementStrategy]:191 - JMX is enabled
[0m[33m[12/04/2017 21:29:03,647] [] [WARN] [th:ServerService Thread Pool -- 63] [org.apache.camel.management.DefaultManagementLifecycleStrategy]:178 - This CamelContext(camel) will be registered using the name: camel-3 due to clash with an existing name already registered in MBeanServer.
[0m[0m[12/04/2017 21:29:03,723] [] [INFO] [th:ServerService Thread Pool -- 63] [org.apache.camel.impl.DefaultRuntimeEndpointRegistry]:203 - Runtime endpoint registry is in extended mode gathering usage statistics of all incoming and outgoing endpoints (cache limit: 1000)
[0m[0m[12/04/2017 21:29:05,789] [] [INFO] [th:ServerService Thread Pool -- 63] [org.apache.camel.component.seda.SedaEndpoint]:170 - Endpoint Endpoint[seda://paginatedService?waitForTaskToComplete=Never] is using shared queue: seda://paginatedService with size: 2147483647
[0m[0m[12/04/2017 21:29:05,800] [] [INFO] [th:ServerService Thread Pool -- 63] [org.apache.camel.component.seda.SedaEndpoint]:170 - Endpoint Endpoint[seda://paginatedService?concurrentConsumers=20] is using shared queue: seda://paginatedService with size: 2147483647
[0m[0m[12/04/2017 21:29:05,956] [] [INFO] [th:ServerService Thread Pool -- 63] [org.apache.camel.component.seda.SedaEndpoint]:170 - Endpoint Endpoint[seda://paginatedDetailsService?waitForTaskToComplete=Never] is using shared queue: seda://paginatedDetailsService with size: 2147483647
[0m[0m[12/04/2017 21:29:05,969] [] [INFO] [th:ServerService Thread Pool -- 63] [org.apache.camel.component.seda.SedaEndpoint]:170 - Endpoint Endpoint[seda://paginatedDetailsService?concurrentConsumers=20] is using shared queue: seda://paginatedDetailsService with size: 2147483647
[0m[0m[12/04/2017 21:29:06,643] [] [INFO] [th:ServerService Thread Pool -- 63] [org.apache.camel.component.seda.SedaEndpoint]:170 - Endpoint Endpoint[seda://supplierPayload] is using shared queue: seda://supplierPayload with size: 2147483647
[0m[0m[12/04/2017 21:29:06,856] [] [INFO] [th:ServerService Thread Pool -- 63] [org.apache.camel.spring.SpringCamelContext]:3033 - AllowUseOriginalMessage is enabled. If access to the original message is not needed, then its recommended to turn this option off as it may improve performance.
[0m[0m[12/04/2017 21:29:06,856] [] [INFO] [th:ServerService Thread Pool -- 63] [org.apache.camel.spring.SpringCamelContext]:3043 - StreamCaching is not in use. If using streams then its recommended to enable stream caching. See more details at http://camel.apache.org/stream-caching.html
[0m[0m[12/04/2017 21:29:06,905] [] [INFO] [th:ServerService Thread Pool -- 63] [org.apache.cxf.endpoint.ServerImpl]:85 - Setting the server's publish address to be /ean
[0m[0m[12/04/2017 21:29:07,140] [] [INFO] [th:ServerService Thread Pool -- 63] [org.apache.cxf.endpoint.ServerImpl]:85 - Setting the server's publish address to be /booking
[0m[0m[12/04/2017 21:29:07,217] [] [INFO] [th:ServerService Thread Pool -- 63] [org.apache.cxf.endpoint.ServerImpl]:85 - Setting the server's publish address to be /sabre
[0m[0m[12/04/2017 21:29:07,299] [] [INFO] [th:ServerService Thread Pool -- 63] [org.apache.cxf.wsdl.service.factory.ReflectionServiceFactoryBean]:388 - Creating Service {https://webservices.sabre.com/websvc}SessionCreateRQService from WSDL: wsdl/SessionCreateRQ.wsdl
[0m[0m[12/04/2017 21:29:07,870] [] [INFO] [th:ServerService Thread Pool -- 63] [org.apache.cxf.wsdl.service.factory.ReflectionServiceFactoryBean]:388 - Creating Service {https://webservices.sabre.com/websvc}ContextChangeService from WSDL: wsdl/ContextChangeLLS2.0.3RQ.wsdl
[0m[0m[12/04/2017 21:29:08,974] [] [INFO] [th:ServerService Thread Pool -- 63] [org.apache.cxf.wsdl.service.factory.ReflectionServiceFactoryBean]:388 - Creating Service {https://webservices.sabre.com/websvc}OTA_HotelAvailService from WSDL: wsdl/OTA_HotelAvailLLS2.2.0RQ.wsdl
[0m[0m[12/04/2017 21:29:09,281] [] [INFO] [th:ServerService Thread Pool -- 63] [org.apache.cxf.wsdl.service.factory.ReflectionServiceFactoryBean]:388 - Creating Service {https://webservices.sabre.com/websvc}OTA_HotelAvailService from WSDL: wsdl/OTA_HotelAvailLLS2.2.0RQ.wsdl
[0m[0m[12/04/2017 21:29:09,335] [] [INFO] [th:ServerService Thread Pool -- 63] [org.apache.cxf.wsdl.service.factory.ReflectionServiceFactoryBean]:388 - Creating Service {https://webservices.sabre.com/websvc}HotelPropertyDescriptionService from WSDL: wsdl/HotelPropertyDescriptionLLS2.2.0RQ.wsdl
[0m[0m[12/04/2017 21:29:09,999] [] [INFO] [th:ServerService Thread Pool -- 63] [org.apache.cxf.wsdl.service.factory.ReflectionServiceFactoryBean]:388 - Creating Service {https://webservices.sabre.com/websvc}HotelPropertyDescriptionService from WSDL: wsdl/HotelPropertyDescriptionLLS2.2.0RQ.wsdl
[0m[0m[12/04/2017 21:29:10,090] [] [INFO] [th:ServerService Thread Pool -- 63] [org.apache.cxf.endpoint.ServerImpl]:85 - Setting the server's publish address to be /geo
[0m[0m[12/04/2017 21:29:10,161] [] [INFO] [th:ServerService Thread Pool -- 63] [org.apache.cxf.endpoint.ServerImpl]:85 - Setting the server's publish address to be /hotel
[0m[0m[12/04/2017 21:29:10,235] [] [INFO] [th:ServerService Thread Pool -- 63] [org.apache.cxf.endpoint.ServerImpl]:85 - Setting the server's publish address to be /cache
[0m[0m[12/04/2017 21:29:10,246] [] [INFO] [th:ServerService Thread Pool -- 63] [org.apache.cxf.endpoint.ServerImpl]:85 - Setting the server's publish address to be /hotelMappings
[0m[0m[12/04/2017 21:29:10,257] [] [INFO] [th:ServerService Thread Pool -- 63] [org.apache.cxf.endpoint.ServerImpl]:85 - Setting the server's publish address to be /hotels
[0m[0m[12/04/2017 21:29:10,270] [] [INFO] [th:ServerService Thread Pool -- 63] [org.apache.cxf.endpoint.ServerImpl]:85 - Setting the server's publish address to be /categories
[0m[0m[12/04/2017 21:29:10,436] [] [INFO] [th:ServerService Thread Pool -- 63] [org.apache.cxf.endpoint.ServerImpl]:85 - Setting the server's publish address to be /travelio
[0m[0m[12/04/2017 21:29:10,467] [] [INFO] [th:ServerService Thread Pool -- 63] [org.apache.cxf.wsdl.service.factory.ReflectionServiceFactoryBean]:434 - Creating Service {http://travelio.es/ws4/v4/bookingws}TravelioBookingServiceV4Service from class es.travelio.ws4.v4.bookingws.TravelioBookingServiceV4
[0m[0m[12/04/2017 21:29:11,283] [] [INFO] [th:ServerService Thread Pool -- 63] [org.apache.cxf.wsdl.service.factory.ReflectionServiceFactoryBean]:434 - Creating Service {http://travelio.es/ws4/v4/bookingws}TravelioBookingServiceV4Service from class es.travelio.ws4.v4.bookingws.TravelioBookingServiceV4
[0m[0m[12/04/2017 21:29:11,402] [] [INFO] [th:ServerService Thread Pool -- 63] [org.apache.camel.spring.SpringCamelContext]:3564 - Route: route1 started and consuming from: Endpoint[cxfrs://bean:jaxRsServer]
[0m[0m[12/04/2017 21:29:11,404] [] [INFO] [th:ServerService Thread Pool -- 63] [org.apache.camel.spring.SpringCamelContext]:3564 - Route: route2 started and consuming from: Endpoint[direct://sendEanAvailability]
[0m[0m[12/04/2017 21:29:11,406] [] [INFO] [th:ServerService Thread Pool -- 63] [org.apache.camel.spring.SpringCamelContext]:3564 - Route: route3 started and consuming from: Endpoint[direct://callEanAvailability]
[0m[0m[12/04/2017 21:29:11,407] [] [INFO] [th:ServerService Thread Pool -- 63] [org.apache.camel.spring.SpringCamelContext]:3564 - Route: route4 started and consuming from: Endpoint[direct://sendEanPRAvailability]
[0m[0m[12/04/2017 21:29:11,409] [] [INFO] [th:ServerService Thread Pool -- 63] [org.apache.camel.spring.SpringCamelContext]:3564 - Route: route5 started and consuming from: Endpoint[direct://callEanPRAvailability]
[0m[0m[12/04/2017 21:29:11,411] [] [INFO] [th:ServerService Thread Pool -- 63] [org.apache.camel.spring.SpringCamelContext]:3564 - Route: route6 started and consuming from: Endpoint[cxfrs://bean:jaxBookingServer]
[0m[0m[12/04/2017 21:29:11,412] [] [INFO] [th:ServerService Thread Pool -- 63] [org.apache.camel.spring.SpringCamelContext]:3564 - Route: route7 started and consuming from: Endpoint[direct://sendBookingAvailability]
[0m[0m[12/04/2017 21:29:11,413] [] [INFO] [th:ServerService Thread Pool -- 63] [org.apache.camel.spring.SpringCamelContext]:3564 - Route: route8 started and consuming from: Endpoint[direct://callBookingAvailability]
[0m[0m[12/04/2017 21:29:11,415] [] [INFO] [th:ServerService Thread Pool -- 63] [org.apache.camel.spring.SpringCamelContext]:3564 - Route: route9 started and consuming from: Endpoint[cxfrs://bean:sabreServer]
[0m[0m[12/04/2017 21:29:11,417] [] [INFO] [th:ServerService Thread Pool -- 63] [org.apache.camel.spring.SpringCamelContext]:3564 - Route: Send Sabre Availability started and consuming from: Endpoint[direct://sendSabreAvailability]
[0m[0m[12/04/2017 21:29:11,418] [] [INFO] [th:ServerService Thread Pool -- 63] [org.apache.camel.spring.SpringCamelContext]:3564 - Route: route10 started and consuming from: Endpoint[direct://sendSabreSessionCreate]
[0m[0m[12/04/2017 21:29:11,420] [] [INFO] [th:ServerService Thread Pool -- 63] [org.apache.camel.spring.SpringCamelContext]:3564 - Route: route11 started and consuming from: Endpoint[direct://sendSabreChangeContext]
[0m[0m[12/04/2017 21:29:11,421] [] [INFO] [th:ServerService Thread Pool -- 63] [org.apache.camel.spring.SpringCamelContext]:3564 - Route: Sabre Pagination Route started and consuming from: Endpoint[direct://sabrePaginationService]
[0m[0m[12/04/2017 21:29:11,430] [] [INFO] [th:ServerService Thread Pool -- 63] [org.apache.camel.spring.SpringCamelContext]:3564 - Route: Sabre Paginated Service route started and consuming from: Endpoint[seda://paginatedService?concurrentConsumers=20]
[0m[0m[12/04/2017 21:29:11,432] [] [INFO] [th:ServerService Thread Pool -- 63] [org.apache.camel.spring.SpringCamelContext]:3564 - Route: route12 started and consuming from: Endpoint[direct://sabreRoomsPaginationService]
[0m[0m[12/04/2017 21:29:11,439] [] [INFO] [th:ServerService Thread Pool -- 63] [org.apache.camel.spring.SpringCamelContext]:3564 - Route: Sabre Paginated Details Service route started and consuming from: Endpoint[seda://paginatedDetailsService?concurrentConsumers=20]
[0m[0m[12/04/2017 21:29:11,441] [] [INFO] [th:ServerService Thread Pool -- 63] [org.apache.camel.spring.SpringCamelContext]:3564 - Route: route13 started and consuming from: Endpoint[direct://test]
[0m[0m[12/04/2017 21:29:11,442] [] [INFO] [th:ServerService Thread Pool -- 63] [org.apache.camel.spring.SpringCamelContext]:3564 - Route: route14 started and consuming from: Endpoint[direct://transformerResponseBooking]
[0m[0m[12/04/2017 21:29:11,444] [] [INFO] [th:ServerService Thread Pool -- 63] [org.apache.camel.spring.SpringCamelContext]:3564 - Route: route15 started and consuming from: Endpoint[direct://transformerResponseRoomsBooking]
[0m[0m[12/04/2017 21:29:11,445] [] [INFO] [th:ServerService Thread Pool -- 63] [org.apache.camel.spring.SpringCamelContext]:3564 - Route: route16 started and consuming from: Endpoint[direct://transfomerResponseEAN]
[0m[0m[12/04/2017 21:29:11,447] [] [INFO] [th:ServerService Thread Pool -- 63] [org.apache.camel.spring.SpringCamelContext]:3564 - Route: route17 started and consuming from: Endpoint[direct://transfomerResponseRoomAvailabilityEAN]
[0m[0m[12/04/2017 21:29:11,448] [] [INFO] [th:ServerService Thread Pool -- 63] [org.apache.camel.spring.SpringCamelContext]:3564 - Route: route18 started and consuming from: Endpoint[direct://transfomerResponseEANPR]
[0m[0m[12/04/2017 21:29:11,450] [] [INFO] [th:ServerService Thread Pool -- 63] [org.apache.camel.spring.SpringCamelContext]:3564 - Route: route19 started and consuming from: Endpoint[direct://transfomerResponseRoomAvailabilityEANPR]
[0m[0m[12/04/2017 21:29:11,451] [] [INFO] [th:ServerService Thread Pool -- 63] [org.apache.camel.spring.SpringCamelContext]:3564 - Route: Sabre Tranformer Response started and consuming from: Endpoint[direct://transformerResponseSabre]
[0m[0m[12/04/2017 21:29:11,453] [] [INFO] [th:ServerService Thread Pool -- 63] [org.apache.camel.spring.SpringCamelContext]:3564 - Route: Sabre Tranformer Room Response started and consuming from: Endpoint[direct://transformerRoomResponseSabre]
[0m[0m[12/04/2017 21:29:11,454] [] [INFO] [th:ServerService Thread Pool -- 63] [org.apache.camel.spring.SpringCamelContext]:3564 - Route: HotelInformation route started and consuming from: Endpoint[direct://getHotelInformation]
[0m[0m[12/04/2017 21:29:11,456] [] [INFO] [th:ServerService Thread Pool -- 63] [org.apache.camel.spring.SpringCamelContext]:3564 - Route: route20 started and consuming from: Endpoint[direct://getHotelRoomDetails]
[0m[0m[12/04/2017 21:29:11,457] [] [INFO] [th:ServerService Thread Pool -- 63] [org.apache.camel.spring.SpringCamelContext]:3564 - Route: GeoServer route started and consuming from: Endpoint[cxfrs://bean:geoServer]
[0m[0m[12/04/2017 21:29:11,459] [] [INFO] [th:ServerService Thread Pool -- 63] [org.apache.camel.spring.SpringCamelContext]:3564 - Route: GeoServer route region hotel started and consuming from: Endpoint[direct://getRegionHotel]
[0m[0m[12/04/2017 21:29:11,460] [] [INFO] [th:ServerService Thread Pool -- 63] [org.apache.camel.spring.SpringCamelContext]:3564 - Route: GeoServer route region by name started and consuming from: Endpoint[direct://getRegionByName]
[0m[0m[12/04/2017 21:29:11,462] [] [INFO] [th:ServerService Thread Pool -- 63] [org.apache.camel.spring.SpringCamelContext]:3564 - Route: search-open started and consuming from: Endpoint[direct://search-open]
[0m[0m[12/04/2017 21:29:11,463] [] [INFO] [th:ServerService Thread Pool -- 63] [org.apache.camel.spring.SpringCamelContext]:3564 - Route: route21 started and consuming from: Endpoint[direct://getCities]
[0m[0m[12/04/2017 21:29:11,465] [] [INFO] [th:ServerService Thread Pool -- 63] [org.apache.camel.spring.SpringCamelContext]:3564 - Route: route22 started and consuming from: Endpoint[direct://getPlaces]
[0m[0m[12/04/2017 21:29:11,466] [] [INFO] [th:ServerService Thread Pool -- 63] [org.apache.camel.spring.SpringCamelContext]:3564 - Route: route23 started and consuming from: Endpoint[direct://getHotelsType]
[0m[0m[12/04/2017 21:29:11,468] [] [INFO] [th:ServerService Thread Pool -- 63] [org.apache.camel.spring.SpringCamelContext]:3564 - Route: search-close started and consuming from: Endpoint[direct://search-close]
[0m[0m[12/04/2017 21:29:11,469] [] [INFO] [th:ServerService Thread Pool -- 63] [org.apache.camel.spring.SpringCamelContext]:3564 - Route: route24 started and consuming from: Endpoint[direct://JsonGeoResponse]
[0m[0m[12/04/2017 21:29:11,470] [] [INFO] [th:ServerService Thread Pool -- 63] [org.apache.camel.spring.SpringCamelContext]:3564 - Route: route25 started and consuming from: Endpoint[direct://XmlGeoResponse]
[0m[0m[12/04/2017 21:29:11,472] [] [INFO] [th:ServerService Thread Pool -- 63] [org.apache.camel.spring.SpringCamelContext]:3564 - Route: Hotel Server route started and consuming from: Endpoint[cxfrs://bean:hotelServer]
[0m[0m[12/04/2017 21:29:11,473] [] [INFO] [th:ServerService Thread Pool -- 63] [org.apache.camel.spring.SpringCamelContext]:3564 - Route: List Hotel route started and consuming from: Endpoint[direct://getListHotels]
[0m[0m[12/04/2017 21:29:11,474] [] [INFO] [th:ServerService Thread Pool -- 63] [org.apache.camel.spring.SpringCamelContext]:3564 - Route: All Hotels route started and consuming from: Endpoint[direct://getHotelNames]
[0m[0m[12/04/2017 21:29:11,476] [] [INFO] [th:ServerService Thread Pool -- 63] [org.apache.camel.spring.SpringCamelContext]:3564 - Route: Hotel Search route started and consuming from: Endpoint[direct://searchHotels]
[0m[0m[12/04/2017 21:29:11,477] [] [INFO] [th:ServerService Thread Pool -- 63] [org.apache.camel.spring.SpringCamelContext]:3564 - Route: Call hotel information route started and consuming from: Endpoint[direct://callHotelInformation]
[0m[0m[12/04/2017 21:29:11,478] [] [INFO] [th:ServerService Thread Pool -- 63] [org.apache.camel.spring.SpringCamelContext]:3564 - Route: route26 started and consuming from: Endpoint[direct://JsonResponse]
[0m[0m[12/04/2017 21:29:11,480] [] [INFO] [th:ServerService Thread Pool -- 63] [org.apache.camel.spring.SpringCamelContext]:3564 - Route: route27 started and consuming from: Endpoint[cxfrs://bean:cacheServer]
[0m[0m[12/04/2017 21:29:11,481] [] [INFO] [th:ServerService Thread Pool -- 63] [org.apache.camel.spring.SpringCamelContext]:3564 - Route: route28 started and consuming from: Endpoint[direct://refreshCache]
[0m[0m[12/04/2017 21:29:11,482] [] [INFO] [th:ServerService Thread Pool -- 63] [org.apache.camel.spring.SpringCamelContext]:3564 - Route: route29 started and consuming from: Endpoint[cxfrs://bean:hotelMappingsServer]
[0m[0m[12/04/2017 21:29:11,484] [] [INFO] [th:ServerService Thread Pool -- 63] [org.apache.camel.spring.SpringCamelContext]:3564 - Route: route30 started and consuming from: Endpoint[direct://getHotelMappings]
[0m[0m[12/04/2017 21:29:11,485] [] [INFO] [th:ServerService Thread Pool -- 63] [org.apache.camel.spring.SpringCamelContext]:3564 - Route: route31 started and consuming from: Endpoint[cxfrs://bean:hotelContentServer]
[0m[0m[12/04/2017 21:29:11,486] [] [INFO] [th:ServerService Thread Pool -- 63] [org.apache.camel.spring.SpringCamelContext]:3564 - Route: route32 started and consuming from: Endpoint[direct://getHotels]
[0m[0m[12/04/2017 21:29:11,488] [] [INFO] [th:ServerService Thread Pool -- 63] [org.apache.camel.spring.SpringCamelContext]:3564 - Route: route33 started and consuming from: Endpoint[direct://getHotelInformationBooking]
[0m[0m[12/04/2017 21:29:11,489] [] [INFO] [th:ServerService Thread Pool -- 63] [org.apache.camel.spring.SpringCamelContext]:3564 - Route: CategoryServer route started and consuming from: Endpoint[cxfrs://bean:categoryServer]
[0m[0m[12/04/2017 21:29:11,491] [] [INFO] [th:ServerService Thread Pool -- 63] [org.apache.camel.spring.SpringCamelContext]:3564 - Route: CategoryServcerFindAll route started and consuming from: Endpoint[direct://findAllCategories]
[0m[0m[12/04/2017 21:29:11,492] [] [INFO] [th:ServerService Thread Pool -- 63] [org.apache.camel.spring.SpringCamelContext]:3564 - Route: route34 started and consuming from: Endpoint[direct://JsonCategoryResponse]
[0m[0m[12/04/2017 21:29:11,493] [] [INFO] [th:ServerService Thread Pool -- 63] [org.apache.camel.spring.SpringCamelContext]:3564 - Route: sendBookingRoomsAvailability started and consuming from: Endpoint[direct://sendBookingRoomsAvailability]
[0m[0m[12/04/2017 21:29:11,495] [] [INFO] [th:ServerService Thread Pool -- 63] [org.apache.camel.spring.SpringCamelContext]:3564 - Route: sendEanRoomAvailability started and consuming from: Endpoint[direct://sendEanRoomAvailability]
[0m[0m[12/04/2017 21:29:11,496] [] [INFO] [th:ServerService Thread Pool -- 63] [org.apache.camel.spring.SpringCamelContext]:3564 - Route: route35 started and consuming from: Endpoint[direct://sendEanPRRoomAvailability]
[0m[0m[12/04/2017 21:29:11,498] [] [INFO] [th:ServerService Thread Pool -- 63] [org.apache.camel.spring.SpringCamelContext]:3564 - Route: Hotels rooms details route started and consuming from: Endpoint[direct://HotelRoomDetailsNames]
[0m[0m[12/04/2017 21:29:11,499] [] [INFO] [th:ServerService Thread Pool -- 63] [org.apache.camel.spring.SpringCamelContext]:3564 - Route: Hotels rooms route started and consuming from: Endpoint[direct://HotelRooms]
[0m[0m[12/04/2017 21:29:11,501] [] [INFO] [th:ServerService Thread Pool -- 63] [org.apache.camel.spring.SpringCamelContext]:3564 - Route: Hotel details route started and consuming from: Endpoint[direct://hotelDetails]
[0m[0m[12/04/2017 21:29:11,502] [] [INFO] [th:ServerService Thread Pool -- 63] [org.apache.camel.spring.SpringCamelContext]:3564 - Route: route36 started and consuming from: Endpoint[direct://sabreRoomsAvailability]
[0m[0m[12/04/2017 21:29:11,524] [] [INFO] [th:ServerService Thread Pool -- 63] [org.apache.camel.spring.SpringCamelContext]:3564 - Route: Supplier Payload Route started and consuming from: Endpoint[seda://supplierPayload]
[0m[0m[12/04/2017 21:29:11,526] [] [INFO] [th:ServerService Thread Pool -- 63] [org.apache.camel.spring.SpringCamelContext]:3564 - Route: Hydrate cache route started and consuming from: Endpoint[direct://hydrateCache]
[0m[0m[12/04/2017 21:29:11,528] [] [INFO] [th:ServerService Thread Pool -- 63] [org.apache.camel.spring.SpringCamelContext]:3564 - Route: Cache route started and consuming from: Endpoint[direct://cache]
[0m[0m[12/04/2017 21:29:11,530] [] [INFO] [th:ServerService Thread Pool -- 63] [org.apache.camel.spring.SpringCamelContext]:3564 - Route: Travelio Server Route started and consuming from: Endpoint[cxfrs://bean:travelioServer]
[0m[0m[12/04/2017 21:29:11,531] [] [INFO] [th:ServerService Thread Pool -- 63] [org.apache.camel.spring.SpringCamelContext]:3564 - Route: Send Travelio Availability started and consuming from: Endpoint[direct://sendTravelioAvailability]
[0m[0m[12/04/2017 21:29:11,536] [] [INFO] [th:ServerService Thread Pool -- 63] [org.apache.camel.spring.SpringCamelContext]:3564 - Route: Call Travelio Availability started and consuming from: Endpoint[direct://callTravelioAvailability]
[0m[0m[12/04/2017 21:29:11,538] [] [INFO] [th:ServerService Thread Pool -- 63] [org.apache.camel.spring.SpringCamelContext]:3564 - Route: Transformer Response Travelio started and consuming from: Endpoint[direct://transformerResponseTravelio]
[0m[0m[12/04/2017 21:29:11,539] [] [INFO] [th:ServerService Thread Pool -- 63] [org.apache.camel.spring.SpringCamelContext]:3564 - Route: Transformer Response Room Travelio started and consuming from: Endpoint[direct://transformerRoomResponseTravelio]
[0m[0m[12/04/2017 21:29:11,550] [] [INFO] [th:ServerService Thread Pool -- 63] [org.apache.camel.spring.SpringCamelContext]:3564 - Route: sendTravelioRoomsAvailability started and consuming from: Endpoint[direct://sendTravelioRoomsAvailability]
[0m[0m[12/04/2017 21:29:11,551] [] [INFO] [th:ServerService Thread Pool -- 63] [org.apache.camel.spring.SpringCamelContext]:2834 - Total 69 routes, of which 69 are started.
[0m[0m[12/04/2017 21:29:11,552] [] [INFO] [th:ServerService Thread Pool -- 63] [org.apache.camel.spring.SpringCamelContext]:2835 - Apache Camel 2.17.1 (CamelContext: camel) started in 7.988 seconds
[0m