[13/04/2017 14:39:52,412] [] [INFO] [org.jboss.as.clustering.infinispan]:60 - JBAS010280: Activating Infinispan subsystem.
[13/04/2017 14:39:52,500] [] [WARN] [org.jboss.as.txn]:463 - JBAS010153: Node identifier property is set to the default value. Please make sure it is unique.
[13/04/2017 14:39:52,538] [] [INFO] [org.jboss.as.webservices]:73 - JBAS015537: Activating WebServices Extension
[13/04/2017 14:39:52,499] [] [INFO] [org.jboss.as.security]:130 - JBAS013371: Activating Security Subsystem
[13/04/2017 14:39:52,383] [] [INFO] [org.jboss.as.naming]:62 - JBAS011800: Activating Naming Subsystem
[13/04/2017 14:39:52,939] [] [INFO] [org.jboss.as.jsf]:71 - JBAS012615: Activated the following JSF Implementations: [main, 1.2]
[13/04/2017 14:39:53,138] [] [INFO] [org.jboss.as.security]:82 - JBAS013370: Current PicketBox version=4.1.1.Final-redhat-1
[13/04/2017 14:39:53,632] [] [INFO] [org.jboss.as.naming]:70 - JBAS011802: Starting Naming Service
[13/04/2017 14:39:53,733] [] [INFO] [org.jboss.as.mail.extension]:149 - JBAS015400: Bound mail session [java:jboss/mail/Default]
[13/04/2017 14:39:54,282] [] [INFO] [org.jboss.as.connector.logging]:55 - JBAS010408: Starting JCA Subsystem (IronJacamar 1.0.31.Final-redhat-1)
[13/04/2017 14:39:55,189] [] [INFO] [org.jboss.as.connector.subsystems.datasources]:153 - JBAS010403: Deploying JDBC-compliant driver class org.h2.Driver (version 1.3)
[13/04/2017 14:39:55,548] [] [INFO] [org.jboss.as.connector.subsystems.datasources]:155 - JBAS010404: Deploying non-JDBC-compliant driver class com.mysql.jdbc.Driver (version 5.1)
[13/04/2017 14:39:57,587] [] [INFO] [org.apache.coyote.http11.Http11Protocol]:179 - JBWEB003001: Coyote HTTP/1.1 initializing on : http-/0.0.0.0:8080
[13/04/2017 14:39:57,808] [] [INFO] [org.apache.coyote.http11.Http11Protocol]:206 - JBWEB003000: Coyote HTTP/1.1 starting on: http-/0.0.0.0:8080
[13/04/2017 14:39:58,389] [] [INFO] [org.jboss.as.remoting]:107 - JBAS017100: Listening on 0.0.0.0:9999
[13/04/2017 14:39:58,532] [] [INFO] [org.jboss.as.server.deployment]:69 - JBAS015876: Starting deployment of "mate-search.war" (runtime-name: "mate-search.war")
[13/04/2017 14:39:58,539] [] [INFO] [org.jboss.as.server.deployment]:69 - JBAS015876: Starting deployment of "destination-mapper.war" (runtime-name: "destination-mapper.war")
[13/04/2017 14:39:58,550] [] [INFO] [org.jboss.as.server.deployment]:69 - JBAS015876: Starting deployment of "hotel-mapper.war" (runtime-name: "hotel-mapper.war")
[13/04/2017 14:39:58,588] [] [INFO] [org.jboss.ws.common.management]:274 - JBWS022052: Starting JBoss Web Services - Stack CXF Server 4.3.4.Final-redhat-1
[13/04/2017 14:39:58,615] [] [INFO] [org.jboss.as.server.deployment]:69 - JBAS015876: Starting deployment of "feed-downloader.war" (runtime-name: "feed-downloader.war")
[13/04/2017 14:39:58,762] [] [INFO] [org.jboss.as.server.deployment.scanner]:275 - JBAS015012: Started FileSystemDeploymentService for directory /opt/jboss/jboss-eap-6.4/standalone/deployments
[13/04/2017 14:40:19,262] [] [WARN] [org.jboss.as.server.deployment]:194 - JBAS015960: Class Path entry jaxb-api.jar in /content/hotel-mapper.war/WEB-INF/lib/jaxb-core-2.2.11.jar  does not point to a valid jar for a Class-Path reference.
[13/04/2017 14:40:19,436] [] [WARN] [org.jboss.as.server.deployment]:194 - JBAS015960: Class Path entry jaxb-core.jar in /content/hotel-mapper.war/WEB-INF/lib/jaxb-impl-2.2.11.jar  does not point to a valid jar for a Class-Path reference.
[13/04/2017 14:40:21,710] [] [INFO] [org.jboss.as.jpa]:122 - JBAS011401: Read persistence.xml for mainPU
[13/04/2017 14:40:21,884] [] [INFO] [org.jboss.as.remoting]:107 - JBAS017100: Listening on 0.0.0.0:4447
[13/04/2017 14:40:22,501] [] [WARN] [org.jboss.as.server.deployment]:194 - JBAS015960: Class Path entry jaxb-api.jar in /content/destination-mapper.war/WEB-INF/lib/jaxb-core-2.2.11.jar  does not point to a valid jar for a Class-Path reference.
[13/04/2017 14:40:22,819] [] [WARN] [org.jboss.as.server.deployment]:194 - JBAS015960: Class Path entry jaxb-core.jar in /content/destination-mapper.war/WEB-INF/lib/jaxb-impl-2.2.11.jar  does not point to a valid jar for a Class-Path reference.
[13/04/2017 14:40:23,163] [] [INFO] [org.jboss.as.connector.subsystems.datasources]:260 - JBAS010400: Bound data source [java:jboss/datasources/ContentDS]
[13/04/2017 14:40:23,164] [] [INFO] [org.jboss.as.connector.subsystems.datasources]:260 - JBAS010400: Bound data source [java:jboss/datasources/FeedsDS]
[13/04/2017 14:40:23,182] [] [INFO] [org.jboss.as.connector.subsystems.datasources]:260 - JBAS010400: Bound data source [java:jboss/datasources/SecurityDS]
[13/04/2017 14:40:23,191] [] [INFO] [org.jboss.as.connector.subsystems.datasources]:260 - JBAS010400: Bound data source [java:jboss/datasources/ExampleDS]
[13/04/2017 14:40:23,328] [] [WARN] [org.jboss.as.server.deployment]:95 - JBAS015893: Encountered invalid class name 'org.geotools.referencing.operation.transform.LogarithmicTransform1D$Provider' for service type 'org.geotools.referencing.operation.MathTransformProvider'
[13/04/2017 14:40:23,351] [] [WARN] [org.jboss.as.server.deployment]:95 - JBAS015893: Encountered invalid class name 'org.geotools.referencing.operation.transform.ExponentialTransform1D$Provider' for service type 'org.geotools.referencing.operation.MathTransformProvider'
[13/04/2017 14:40:23,353] [] [WARN] [org.jboss.as.server.deployment]:95 - JBAS015893: Encountered invalid class name 'org.geotools.referencing.operation.transform.ProjectiveTransform$ProviderAffine' for service type 'org.geotools.referencing.operation.MathTransformProvider'
[13/04/2017 14:40:23,355] [] [WARN] [org.jboss.as.server.deployment]:95 - JBAS015893: Encountered invalid class name 'org.geotools.referencing.operation.transform.ProjectiveTransform$ProviderLongitudeRotation' for service type 'org.geotools.referencing.operation.MathTransformProvider'
[13/04/2017 14:40:23,369] [] [WARN] [org.jboss.as.server.deployment]:95 - JBAS015893: Encountered invalid class name 'org.geotools.referencing.operation.transform.GeocentricTranslation$Provider' for service type 'org.geotools.referencing.operation.MathTransformProvider'
[13/04/2017 14:40:23,376] [] [WARN] [org.jboss.as.server.deployment]:95 - JBAS015893: Encountered invalid class name 'org.geotools.referencing.operation.transform.GeocentricTranslation$ProviderSevenParam' for service type 'org.geotools.referencing.operation.MathTransformProvider'
[13/04/2017 14:40:23,392] [] [WARN] [org.jboss.as.server.deployment]:95 - JBAS015893: Encountered invalid class name 'org.geotools.referencing.operation.transform.GeocentricTranslation$ProviderFrameRotation' for service type 'org.geotools.referencing.operation.MathTransformProvider'
[13/04/2017 14:40:23,393] [] [WARN] [org.jboss.as.server.deployment]:95 - JBAS015893: Encountered invalid class name 'org.geotools.referencing.operation.transform.GeocentricTransform$Provider' for service type 'org.geotools.referencing.operation.MathTransformProvider'
[13/04/2017 14:40:23,395] [] [WARN] [org.jboss.as.server.deployment]:95 - JBAS015893: Encountered invalid class name 'org.geotools.referencing.operation.transform.GeocentricTransform$ProviderInverse' for service type 'org.geotools.referencing.operation.MathTransformProvider'
[13/04/2017 14:40:23,397] [] [WARN] [org.jboss.as.server.deployment]:95 - JBAS015893: Encountered invalid class name 'org.geotools.referencing.operation.transform.MolodenskiTransform$Provider' for service type 'org.geotools.referencing.operation.MathTransformProvider'
[13/04/2017 14:40:23,399] [] [WARN] [org.jboss.as.server.deployment]:95 - JBAS015893: Encountered invalid class name 'org.geotools.referencing.operation.transform.MolodenskiTransform$ProviderAbridged' for service type 'org.geotools.referencing.operation.MathTransformProvider'
[13/04/2017 14:40:23,406] [] [WARN] [org.jboss.as.server.deployment]:95 - JBAS015893: Encountered invalid class name 'org.geotools.referencing.operation.transform.NADCONTransform$Provider' for service type 'org.geotools.referencing.operation.MathTransformProvider'
[13/04/2017 14:40:23,412] [] [WARN] [org.jboss.as.server.deployment]:95 - JBAS015893: Encountered invalid class name 'org.geotools.referencing.operation.transform.NTv2Transform$Provider' for service type 'org.geotools.referencing.operation.MathTransformProvider'
[13/04/2017 14:40:23,423] [] [WARN] [org.jboss.as.server.deployment]:95 - JBAS015893: Encountered invalid class name 'org.geotools.referencing.operation.transform.WarpTransform2D$Provider' for service type 'org.geotools.referencing.operation.MathTransformProvider'
[13/04/2017 14:40:23,431] [] [WARN] [org.jboss.as.server.deployment]:95 - JBAS015893: Encountered invalid class name 'org.geotools.referencing.operation.projection.EquidistantCylindrical$Provider' for service type 'org.geotools.referencing.operation.MathTransformProvider'
[13/04/2017 14:40:23,443] [] [WARN] [org.jboss.as.server.deployment]:95 - JBAS015893: Encountered invalid class name 'org.geotools.referencing.operation.projection.EquidistantCylindrical$SphericalProvider' for service type 'org.geotools.referencing.operation.MathTransformProvider'
[13/04/2017 14:40:23,447] [] [WARN] [org.jboss.as.server.deployment]:95 - JBAS015893: Encountered invalid class name 'org.geotools.referencing.operation.projection.PlateCarree$Provider' for service type 'org.geotools.referencing.operation.MathTransformProvider'
[13/04/2017 14:40:23,449] [] [WARN] [org.jboss.as.server.deployment]:95 - JBAS015893: Encountered invalid class name 'org.geotools.referencing.operation.projection.Mercator1SP$Provider' for service type 'org.geotools.referencing.operation.MathTransformProvider'
[13/04/2017 14:40:23,451] [] [WARN] [org.jboss.as.server.deployment]:95 - JBAS015893: Encountered invalid class name 'org.geotools.referencing.operation.projection.Mercator2SP$Provider' for service type 'org.geotools.referencing.operation.MathTransformProvider'
[13/04/2017 14:40:23,454] [] [WARN] [org.jboss.as.server.deployment]:95 - JBAS015893: Encountered invalid class name 'org.geotools.referencing.operation.projection.TransverseMercator$Provider' for service type 'org.geotools.referencing.operation.MathTransformProvider'
[13/04/2017 14:40:23,455] [] [WARN] [org.jboss.as.server.deployment]:95 - JBAS015893: Encountered invalid class name 'org.geotools.referencing.operation.projection.TransverseMercator$Provider_SouthOrientated' for service type 'org.geotools.referencing.operation.MathTransformProvider'
[13/04/2017 14:40:23,457] [] [WARN] [org.jboss.as.server.deployment]:95 - JBAS015893: Encountered invalid class name 'org.geotools.referencing.operation.projection.ObliqueMercator$Provider' for service type 'org.geotools.referencing.operation.MathTransformProvider'
[13/04/2017 14:40:23,464] [] [WARN] [org.jboss.as.server.deployment]:95 - JBAS015893: Encountered invalid class name 'org.geotools.referencing.operation.projection.ObliqueMercator$Provider_TwoPoint' for service type 'org.geotools.referencing.operation.MathTransformProvider'
[13/04/2017 14:40:23,477] [] [WARN] [org.jboss.as.server.deployment]:95 - JBAS015893: Encountered invalid class name 'org.geotools.referencing.operation.projection.HotineObliqueMercator$Provider' for service type 'org.geotools.referencing.operation.MathTransformProvider'
[13/04/2017 14:40:23,478] [] [WARN] [org.jboss.as.server.deployment]:95 - JBAS015893: Encountered invalid class name 'org.geotools.referencing.operation.projection.HotineObliqueMercator$Provider_TwoPoint' for service type 'org.geotools.referencing.operation.MathTransformProvider'
[13/04/2017 14:40:23,481] [] [WARN] [org.jboss.as.server.deployment]:95 - JBAS015893: Encountered invalid class name 'org.geotools.referencing.operation.projection.AlbersEqualArea$Provider' for service type 'org.geotools.referencing.operation.MathTransformProvider'
[13/04/2017 14:40:23,495] [] [WARN] [org.jboss.as.server.deployment]:95 - JBAS015893: Encountered invalid class name 'org.geotools.referencing.operation.projection.LambertConformal1SP$Provider' for service type 'org.geotools.referencing.operation.MathTransformProvider'
[13/04/2017 14:40:23,496] [] [WARN] [org.jboss.as.server.deployment]:95 - JBAS015893: Encountered invalid class name 'org.geotools.referencing.operation.projection.LambertConformal2SP$Provider' for service type 'org.geotools.referencing.operation.MathTransformProvider'
[13/04/2017 14:40:23,499] [] [WARN] [org.jboss.as.server.deployment]:95 - JBAS015893: Encountered invalid class name 'org.geotools.referencing.operation.projection.LambertConformalBelgium$Provider' for service type 'org.geotools.referencing.operation.MathTransformProvider'
[13/04/2017 14:40:23,502] [] [WARN] [org.jboss.as.server.deployment]:95 - JBAS015893: Encountered invalid class name 'org.geotools.referencing.operation.projection.LambertAzimuthalEqualArea$Provider' for service type 'org.geotools.referencing.operation.MathTransformProvider'
[13/04/2017 14:40:23,511] [] [WARN] [org.jboss.as.server.deployment]:95 - JBAS015893: Encountered invalid class name 'org.geotools.referencing.operation.projection.Orthographic$Provider' for service type 'org.geotools.referencing.operation.MathTransformProvider'
[13/04/2017 14:40:23,522] [] [WARN] [org.jboss.as.server.deployment]:95 - JBAS015893: Encountered invalid class name 'org.geotools.referencing.operation.projection.Stereographic$Provider' for service type 'org.geotools.referencing.operation.MathTransformProvider'
[13/04/2017 14:40:23,527] [] [WARN] [org.jboss.as.server.deployment]:95 - JBAS015893: Encountered invalid class name 'org.geotools.referencing.operation.projection.ObliqueStereographic$Provider' for service type 'org.geotools.referencing.operation.MathTransformProvider'
[13/04/2017 14:40:23,528] [] [WARN] [org.jboss.as.server.deployment]:95 - JBAS015893: Encountered invalid class name 'org.geotools.referencing.operation.projection.PolarStereographic$ProviderA' for service type 'org.geotools.referencing.operation.MathTransformProvider'
[13/04/2017 14:40:23,529] [] [WARN] [org.jboss.as.server.deployment]:95 - JBAS015893: Encountered invalid class name 'org.geotools.referencing.operation.projection.PolarStereographic$ProviderB' for service type 'org.geotools.referencing.operation.MathTransformProvider'
[13/04/2017 14:40:23,536] [] [WARN] [org.jboss.as.server.deployment]:95 - JBAS015893: Encountered invalid class name 'org.geotools.referencing.operation.projection.PolarStereographic$ProviderNorth' for service type 'org.geotools.referencing.operation.MathTransformProvider'
[13/04/2017 14:40:23,537] [] [WARN] [org.jboss.as.server.deployment]:95 - JBAS015893: Encountered invalid class name 'org.geotools.referencing.operation.projection.PolarStereographic$ProviderSouth' for service type 'org.geotools.referencing.operation.MathTransformProvider'
[13/04/2017 14:40:23,541] [] [WARN] [org.jboss.as.server.deployment]:95 - JBAS015893: Encountered invalid class name 'org.geotools.referencing.operation.projection.NewZealandMapGrid$Provider' for service type 'org.geotools.referencing.operation.MathTransformProvider'
[13/04/2017 14:40:23,546] [] [WARN] [org.jboss.as.server.deployment]:95 - JBAS015893: Encountered invalid class name 'org.geotools.referencing.operation.projection.Krovak$Provider' for service type 'org.geotools.referencing.operation.MathTransformProvider'
[13/04/2017 14:40:23,558] [] [WARN] [org.jboss.as.server.deployment]:95 - JBAS015893: Encountered invalid class name 'org.geotools.referencing.operation.projection.CassiniSoldner$Provider' for service type 'org.geotools.referencing.operation.MathTransformProvider'
[13/04/2017 14:40:23,559] [] [WARN] [org.jboss.as.server.deployment]:95 - JBAS015893: Encountered invalid class name 'org.geotools.referencing.operation.projection.EquidistantConic$Provider' for service type 'org.geotools.referencing.operation.MathTransformProvider'
[13/04/2017 14:40:23,566] [] [WARN] [org.jboss.as.server.deployment]:95 - JBAS015893: Encountered invalid class name 'org.geotools.referencing.operation.projection.Polyconic$Provider' for service type 'org.geotools.referencing.operation.MathTransformProvider'
[13/04/2017 14:40:23,568] [] [WARN] [org.jboss.as.server.deployment]:95 - JBAS015893: Encountered invalid class name 'org.geotools.referencing.operation.projection.Robinson$Provider' for service type 'org.geotools.referencing.operation.MathTransformProvider'
[13/04/2017 14:40:23,572] [] [WARN] [org.jboss.as.server.deployment]:95 - JBAS015893: Encountered invalid class name 'org.geotools.referencing.operation.projection.WinkelTripel$WinkelProvider' for service type 'org.geotools.referencing.operation.MathTransformProvider'
[13/04/2017 14:40:23,572] [] [WARN] [org.jboss.as.server.deployment]:95 - JBAS015893: Encountered invalid class name 'org.geotools.referencing.operation.projection.WinkelTripel$AitoffProvider' for service type 'org.geotools.referencing.operation.MathTransformProvider'
[13/04/2017 14:40:23,577] [] [WARN] [org.jboss.as.server.deployment]:95 - JBAS015893: Encountered invalid class name 'org.geotools.referencing.operation.projection.EckertIV$Provider' for service type 'org.geotools.referencing.operation.MathTransformProvider'
[13/04/2017 14:40:23,578] [] [WARN] [org.jboss.as.server.deployment]:95 - JBAS015893: Encountered invalid class name 'org.geotools.referencing.operation.projection.Mollweide$MollweideProvider' for service type 'org.geotools.referencing.operation.MathTransformProvider'
[13/04/2017 14:40:23,589] [] [WARN] [org.jboss.as.server.deployment]:95 - JBAS015893: Encountered invalid class name 'org.geotools.referencing.operation.projection.Mollweide$WagnerIVProvider' for service type 'org.geotools.referencing.operation.MathTransformProvider'
[13/04/2017 14:40:23,592] [] [WARN] [org.jboss.as.server.deployment]:95 - JBAS015893: Encountered invalid class name 'org.geotools.referencing.operation.projection.WorldVanDerGrintenI$Provider' for service type 'org.geotools.referencing.operation.MathTransformProvider'
[13/04/2017 14:40:23,770] [] [INFO] [org.jboss.as.jpa]:122 - JBAS011401: Read persistence.xml for mainPU
[13/04/2017 14:40:25,459] [] [WARN] [org.jboss.as.server.deployment]:194 - JBAS015960: Class Path entry jaxb-api.jar in /content/feed-downloader.war/WEB-INF/lib/jaxb-core-2.2.11.jar  does not point to a valid jar for a Class-Path reference.
[13/04/2017 14:40:25,594] [] [WARN] [org.jboss.as.server.deployment]:194 - JBAS015960: Class Path entry jaxb-core.jar in /content/feed-downloader.war/WEB-INF/lib/jaxb-impl-2.2.11.jar  does not point to a valid jar for a Class-Path reference.
[13/04/2017 14:40:26,014] [] [INFO] [org.jboss.as.jpa]:122 - JBAS011401: Read persistence.xml for mainPU
[13/04/2017 14:40:26,091] [] [WARN] [org.jboss.as.ee]:86 - JBAS011006: Not installing optional component org.apache.cxf.transport.http.Servlet3ContinuationProvider$Servlet3Continuation due to an exception (enable DEBUG log level to see the cause)
[13/04/2017 14:40:26,088] [] [WARN] [org.jboss.as.ee]:86 - JBAS011006: Not installing optional component org.apache.cxf.transport.http.Servlet3ContinuationProvider$Servlet3Continuation due to an exception (enable DEBUG log level to see the cause)
[13/04/2017 14:40:26,193] [] [WARN] [org.jboss.as.ee]:86 - JBAS011006: Not installing optional component org.springframework.http.server.ServletServerHttpAsyncRequestControl due to an exception (enable DEBUG log level to see the cause)
[13/04/2017 14:40:26,195] [] [WARN] [org.jboss.as.ee]:86 - JBAS011006: Not installing optional component org.springframework.web.context.request.async.StandardServletAsyncWebRequest due to an exception (enable DEBUG log level to see the cause)
[13/04/2017 14:40:26,196] [] [WARN] [org.jboss.as.ee]:86 - JBAS011006: Not installing optional component org.springframework.http.server.ServletServerHttpAsyncRequestControl due to an exception (enable DEBUG log level to see the cause)
[13/04/2017 14:40:26,198] [] [WARN] [org.jboss.as.ee]:86 - JBAS011006: Not installing optional component org.springframework.web.context.request.async.StandardServletAsyncWebRequest due to an exception (enable DEBUG log level to see the cause)
[13/04/2017 14:40:26,854] [] [WARN] [org.jboss.jaxrs]:247 - JBAS011203: No Servlet mappings found for JAX-RS application: org.apache.cxf.jaxrs.servlet.CXFNonSpringJaxrsServlet$ApplicationImpl either annotate it with @ApplicationPath or add a servlet-mapping in web.xml
[13/04/2017 14:40:26,880] [] [WARN] [org.jboss.jaxrs]:247 - JBAS011203: No Servlet mappings found for JAX-RS application: org.apache.cxf.jaxrs.servlet.CXFNonSpringJaxrsServlet$ApplicationImpl either annotate it with @ApplicationPath or add a servlet-mapping in web.xml
[13/04/2017 14:40:26,978] [] [INFO] [org.jboss.as.connector.deployers.jdbc]:73 - JBAS010404: Deploying non-JDBC-compliant driver class com.mysql.jdbc.Driver (version 5.1)
[13/04/2017 14:40:26,983] [] [INFO] [org.jboss.as.connector.deployers.jdbc]:73 - JBAS010404: Deploying non-JDBC-compliant driver class com.mysql.fabric.jdbc.FabricMySQLDriver (version 5.1)
[13/04/2017 14:40:27,073] [] [WARN] [org.jboss.weld.deployer]:116 - JBAS016012: Deployment deployment "destination-mapper.war" contains CDI annotations but beans.xml was not found.
[13/04/2017 14:40:27,155] [] [INFO] [org.jboss.as.connector.deployers.jdbc]:73 - JBAS010404: Deploying non-JDBC-compliant driver class com.mysql.jdbc.Driver (version 5.1)
[13/04/2017 14:40:27,167] [] [INFO] [org.jboss.as.connector.deployers.jdbc]:73 - JBAS010404: Deploying non-JDBC-compliant driver class com.mysql.fabric.jdbc.FabricMySQLDriver (version 5.1)
[13/04/2017 14:40:27,170] [] [WARN] [org.jboss.weld.deployer]:116 - JBAS016012: Deployment deployment "hotel-mapper.war" contains CDI annotations but beans.xml was not found.
[13/04/2017 14:40:27,375] [] [INFO] [org.jboss.as.jpa]:94 - JBAS011402: Starting Persistence Unit Service 'destination-mapper.war#mainPU'
[13/04/2017 14:40:27,504] [] [INFO] [org.jboss.as.jpa]:94 - JBAS011402: Starting Persistence Unit Service 'hotel-mapper.war#mainPU'
[13/04/2017 14:40:28,775] [] [WARN] [org.jboss.as.ee]:86 - JBAS011006: Not installing optional component org.apache.cxf.transport.http.Servlet3ContinuationProvider$Servlet3Continuation due to an exception (enable DEBUG log level to see the cause)
[13/04/2017 14:40:28,779] [] [WARN] [org.jboss.as.ee]:86 - JBAS011006: Not installing optional component org.springframework.http.server.ServletServerHttpAsyncRequestControl due to an exception (enable DEBUG log level to see the cause)
[13/04/2017 14:40:28,782] [] [WARN] [org.jboss.as.ee]:86 - JBAS011006: Not installing optional component org.springframework.web.context.request.async.StandardServletAsyncWebRequest due to an exception (enable DEBUG log level to see the cause)
[13/04/2017 14:40:28,794] [] [INFO] [org.hibernate.annotations.common.Version]:37 - HCANN000001: Hibernate Commons Annotations {4.0.2.Final-redhat-1}
[13/04/2017 14:40:28,850] [] [INFO] [org.hibernate.Version]:41 - HHH000412: Hibernate Core {4.2.18.Final-redhat-2}
[13/04/2017 14:40:28,891] [] [INFO] [org.hibernate.cfg.Environment]:238 - HHH000206: hibernate.properties not found
[13/04/2017 14:40:28,930] [] [INFO] [org.hibernate.cfg.Environment]:345 - HHH000021: Bytecode provider name : javassist
[13/04/2017 14:40:28,954] [] [WARN] [org.jboss.jaxrs]:247 - JBAS011203: No Servlet mappings found for JAX-RS application: org.apache.cxf.jaxrs.servlet.CXFNonSpringJaxrsServlet$ApplicationImpl either annotate it with @ApplicationPath or add a servlet-mapping in web.xml
[13/04/2017 14:40:29,003] [] [INFO] [org.jboss.as.connector.deployers.jdbc]:73 - JBAS010404: Deploying non-JDBC-compliant driver class com.mysql.jdbc.Driver (version 5.1)
[13/04/2017 14:40:29,047] [] [INFO] [org.jboss.as.connector.deployers.jdbc]:73 - JBAS010404: Deploying non-JDBC-compliant driver class com.mysql.fabric.jdbc.FabricMySQLDriver (version 5.1)
[13/04/2017 14:40:29,069] [] [WARN] [org.jboss.weld.deployer]:116 - JBAS016012: Deployment deployment "feed-downloader.war" contains CDI annotations but beans.xml was not found.
[13/04/2017 14:40:29,115] [] [INFO] [org.jboss.as.jpa]:94 - JBAS011402: Starting Persistence Unit Service 'feed-downloader.war#mainPU'
[13/04/2017 14:40:29,202] [] [INFO] [org.hibernate.ejb.Ejb3Configuration]:530 - HHH000204: Processing PersistenceUnitInfo [
	name: mainPU
	...]
[13/04/2017 14:40:29,217] [] [INFO] [org.hibernate.ejb.Ejb3Configuration]:530 - HHH000204: Processing PersistenceUnitInfo [
	name: mainPU
	...]
[13/04/2017 14:40:29,233] [] [INFO] [org.hibernate.ejb.Ejb3Configuration]:530 - HHH000204: Processing PersistenceUnitInfo [
	name: mainPU
	...]
[13/04/2017 14:40:30,534] [] [WARN] [org.hibernate.service.jdbc.connections.internal.ConnectionProviderInitiator]:143 - HHH000181: No appropriate connection provider encountered, assuming application will be supplying connections
[13/04/2017 14:40:30,750] [] [INFO] [org.hibernate.dialect.Dialect]:130 - HHH000400: Using dialect: org.hibernate.dialect.MySQLDialect
[13/04/2017 14:40:30,913] [] [INFO] [org.hibernate.engine.jdbc.internal.LobCreatorBuilder]:85 - HHH000422: Disabling contextual LOB creation as connection was null
[13/04/2017 14:40:31,167] [] [WARN] [org.hibernate.service.jdbc.connections.internal.ConnectionProviderInitiator]:143 - HHH000181: No appropriate connection provider encountered, assuming application will be supplying connections
[13/04/2017 14:40:31,188] [] [WARN] [org.hibernate.service.jdbc.connections.internal.ConnectionProviderInitiator]:143 - HHH000181: No appropriate connection provider encountered, assuming application will be supplying connections
[13/04/2017 14:40:31,201] [] [INFO] [org.hibernate.dialect.Dialect]:130 - HHH000400: Using dialect: org.hibernate.dialect.MySQLDialect
[13/04/2017 14:40:31,249] [] [INFO] [org.hibernate.dialect.Dialect]:130 - HHH000400: Using dialect: org.hibernate.dialect.MySQLDialect
[13/04/2017 14:40:31,228] [] [INFO] [org.hibernate.engine.jdbc.internal.LobCreatorBuilder]:85 - HHH000422: Disabling contextual LOB creation as connection was null
[13/04/2017 14:40:31,251] [] [INFO] [org.hibernate.engine.jdbc.internal.LobCreatorBuilder]:85 - HHH000422: Disabling contextual LOB creation as connection was null
[13/04/2017 14:40:34,415] [] [INFO] [org.hibernate.engine.transaction.internal.TransactionFactoryInitiator]:73 - HHH000268: Transaction strategy: org.hibernate.engine.transaction.internal.jta.CMTTransactionFactory
[13/04/2017 14:40:34,494] [] [INFO] [org.hibernate.hql.internal.ast.ASTQueryTranslatorFactory]:48 - HHH000397: Using ASTQueryTranslatorFactory
[13/04/2017 14:40:34,545] [] [INFO] [org.hibernate.engine.transaction.internal.TransactionFactoryInitiator]:73 - HHH000268: Transaction strategy: org.hibernate.engine.transaction.internal.jta.CMTTransactionFactory
[13/04/2017 14:40:34,542] [] [INFO] [org.hibernate.engine.transaction.internal.TransactionFactoryInitiator]:73 - HHH000268: Transaction strategy: org.hibernate.engine.transaction.internal.jta.CMTTransactionFactory
[13/04/2017 14:40:34,550] [] [INFO] [org.hibernate.hql.internal.ast.ASTQueryTranslatorFactory]:48 - HHH000397: Using ASTQueryTranslatorFactory
[13/04/2017 14:40:34,551] [] [INFO] [org.hibernate.hql.internal.ast.ASTQueryTranslatorFactory]:48 - HHH000397: Using ASTQueryTranslatorFactory
[13/04/2017 14:40:34,755] [] [INFO] [org.hibernate.validator.internal.util.Version]:27 - HV000001: Hibernate Validator 4.3.2.Final-redhat-2
[13/04/2017 14:40:38,591] [] [INFO] [org.jboss.web]:155 - JBAS018210: Register web context: /feed-downloader
[13/04/2017 14:40:38,718] [] [INFO] [org.apache.catalina.core.ContainerBase.[jboss.web].[default-host].[/feed-downloader]]:671 - No Spring WebApplicationInitializer types detected on classpath
[13/04/2017 14:40:38,912] [] [INFO] [org.apache.catalina.core.ContainerBase.[jboss.web].[default-host].[/feed-downloader]]:671 - Initializing Spring root WebApplicationContext
[13/04/2017 14:40:38,974] [] [WARN] [org.jboss.as.server.deployment]:194 - JBAS015960: Class Path entry jaxb-api.jar in /content/mate-search.war/WEB-INF/lib/jaxb-core-2.2.11.jar  does not point to a valid jar for a Class-Path reference.
[13/04/2017 14:40:39,104] [] [INFO] [org.jboss.web]:155 - JBAS018210: Register web context: /destination-mapper
[13/04/2017 14:40:39,145] [] [INFO] [org.jboss.web]:155 - JBAS018210: Register web context: /hotel-mapper
[13/04/2017 14:40:39,172] [] [INFO] [org.apache.catalina.core.ContainerBase.[jboss.web].[default-host].[/destination-mapper]]:671 - No Spring WebApplicationInitializer types detected on classpath
[13/04/2017 14:40:39,206] [] [INFO] [org.apache.catalina.core.ContainerBase.[jboss.web].[default-host].[/hotel-mapper]]:671 - No Spring WebApplicationInitializer types detected on classpath
[13/04/2017 14:40:39,276] [] [INFO] [org.apache.catalina.core.ContainerBase.[jboss.web].[default-host].[/destination-mapper]]:671 - Initializing Spring root WebApplicationContext
[13/04/2017 14:40:39,240] [] [WARN] [org.jboss.as.server.deployment]:194 - JBAS015960: Class Path entry jaxb-core.jar in /content/mate-search.war/WEB-INF/lib/jaxb-impl-2.2.11.jar  does not point to a valid jar for a Class-Path reference.
[13/04/2017 14:40:39,286] [] [INFO] [org.apache.catalina.core.ContainerBase.[jboss.web].[default-host].[/hotel-mapper]]:671 - Initializing Spring root WebApplicationContext
[13/04/2017 14:40:40,114] [] [WARN] [org.jboss.as.server.deployment]:95 - JBAS015893: Encountered invalid class name 'moduleName=groovy-all' for service type 'org.codehaus.groovy.runtime.ExtensionModule'
[13/04/2017 14:40:40,120] [] [WARN] [org.jboss.as.server.deployment]:95 - JBAS015893: Encountered invalid class name 'moduleVersion=2.4.5' for service type 'org.codehaus.groovy.runtime.ExtensionModule'
[13/04/2017 14:40:40,140] [] [WARN] [org.jboss.as.server.deployment]:95 - JBAS015893: Encountered invalid class name 'extensionClasses=org.codehaus.groovy.jsr223.ScriptExtensions,org.codehaus.groovy.runtime.NioGroovyMethods,org.codehaus.groovy.runtime.SqlGroovyMethods,org.codehaus.groovy.runtime.SwingGroovyMethods,org.codehaus.groovy.runtime.XmlGroovyMethods' for service type 'org.codehaus.groovy.runtime.ExtensionModule'
[13/04/2017 14:40:40,144] [] [WARN] [org.jboss.as.server.deployment]:95 - JBAS015893: Encountered invalid class name 'staticExtensionClasses=org.codehaus.groovy.jsr223.ScriptStaticExtensions' for service type 'org.codehaus.groovy.runtime.ExtensionModule'
[13/04/2017 14:40:40,254] [] [INFO] [org.jboss.as.pojo]:45 - JBAS017000: Found legacy bean/pojo namespace: urn:jboss:bean-deployer:2.0 - might be missing some xml features (potential exceptions).
[13/04/2017 14:40:40,339] [] [INFO] [org.jboss.as.jpa]:122 - JBAS011401: Read persistence.xml for mainPU
[13/04/2017 14:40:43,488] [] [WARN] [org.jboss.as.dependency.unsupported]:82 - JBAS015868: Deployment "deployment.mate-search.war" is using an unsupported module ("org.infinispan:main") which may be changed or removed in future versions without notice.
[13/04/2017 14:40:44,592] [] [INFO] [org.jboss.as.ejb3.deployment.processors.EjbJndiBindingsDeploymentUnitProcessor]:183 - JNDI bindings for session bean named SabreSessionSvc in deployment unit deployment "mate-search.war" are as follows:

	java:global/mate-search/SabreSessionSvc!cl.cocha.session.client.ejb.SabreSessionSvc
	java:app/mate-search/SabreSessionSvc!cl.cocha.session.client.ejb.SabreSessionSvc
	java:module/SabreSessionSvc!cl.cocha.session.client.ejb.SabreSessionSvc
	java:global/mate-search/SabreSessionSvc
	java:app/mate-search/SabreSessionSvc
	java:module/SabreSessionSvc

[13/04/2017 14:40:45,279] [] [WARN] [org.jboss.as.ee]:86 - JBAS011006: Not installing optional component org.apache.cxf.transport.http.Servlet3ContinuationProvider$Servlet3Continuation due to an exception (enable DEBUG log level to see the cause)
[13/04/2017 14:40:45,307] [] [WARN] [org.jboss.as.ee]:86 - JBAS011006: Not installing optional component org.springframework.http.server.ServletServerHttpAsyncRequestControl due to an exception (enable DEBUG log level to see the cause)
[13/04/2017 14:40:45,311] [] [WARN] [org.jboss.as.ee]:86 - JBAS011006: Not installing optional component org.springframework.web.context.request.async.StandardServletAsyncWebRequest due to an exception (enable DEBUG log level to see the cause)
[13/04/2017 14:40:46,106] [] [WARN] [org.jboss.jaxrs]:247 - JBAS011203: No Servlet mappings found for JAX-RS application: org.apache.cxf.jaxrs.servlet.CXFNonSpringJaxrsServlet$ApplicationImpl either annotate it with @ApplicationPath or add a servlet-mapping in web.xml
[13/04/2017 14:40:46,190] [] [INFO] [org.jboss.as.connector.deployers.jdbc]:73 - JBAS010404: Deploying non-JDBC-compliant driver class com.mysql.jdbc.Driver (version 5.1)
[13/04/2017 14:40:46,203] [] [INFO] [org.jboss.as.connector.deployers.jdbc]:73 - JBAS010404: Deploying non-JDBC-compliant driver class com.mysql.fabric.jdbc.FabricMySQLDriver (version 5.1)
[13/04/2017 14:40:46,206] [] [WARN] [org.jboss.weld.deployer]:116 - JBAS016012: Deployment deployment "mate-search.war" contains CDI annotations but beans.xml was not found.
[13/04/2017 14:40:46,305] [] [INFO] [org.jboss.as.jpa]:94 - JBAS011402: Starting Persistence Unit Service 'mate-search.war#mainPU'
[13/04/2017 14:40:46,311] [] [INFO] [org.hibernate.ejb.Ejb3Configuration]:530 - HHH000204: Processing PersistenceUnitInfo [
	name: mainPU
	...]
[13/04/2017 14:40:46,938] [] [WARN] [org.hibernate.service.jdbc.connections.internal.ConnectionProviderInitiator]:143 - HHH000181: No appropriate connection provider encountered, assuming application will be supplying connections
[13/04/2017 14:40:46,953] [] [INFO] [org.hibernate.dialect.Dialect]:130 - HHH000400: Using dialect: org.hibernate.dialect.MySQLDialect
[13/04/2017 14:40:46,955] [] [INFO] [org.hibernate.engine.jdbc.internal.LobCreatorBuilder]:85 - HHH000422: Disabling contextual LOB creation as connection was null
[13/04/2017 14:40:47,711] [] [INFO] [org.hibernate.engine.transaction.internal.TransactionFactoryInitiator]:73 - HHH000268: Transaction strategy: org.hibernate.engine.transaction.internal.jta.CMTTransactionFactory
[13/04/2017 14:40:47,714] [] [INFO] [org.hibernate.hql.internal.ast.ASTQueryTranslatorFactory]:48 - HHH000397: Using ASTQueryTranslatorFactory
[13/04/2017 14:40:49,015] [] [INFO] [org.jboss.web]:155 - JBAS018210: Register web context: /mate-search
[13/04/2017 14:40:49,081] [] [INFO] [org.apache.catalina.core.ContainerBase.[jboss.web].[default-host].[/mate-search]]:671 - No Spring WebApplicationInitializer types detected on classpath
[13/04/2017 14:40:49,156] [] [INFO] [org.apache.catalina.core.ContainerBase.[jboss.web].[default-host].[/mate-search]]:671 - Initializing Spring root WebApplicationContext
[13/04/2017 14:40:55,864] [] [INFO] [org.hibernate.ejb.Ejb3Configuration]:530 - HHH000204: Processing PersistenceUnitInfo [
	name: mainPU
	...]
[13/04/2017 14:40:55,898] [] [INFO] [org.hibernate.service.jdbc.connections.internal.ConnectionProviderInitiator]:188 - HHH000130: Instantiating explicit connection provider: org.hibernate.ejb.connection.InjectedDataSourceConnectionProvider
[13/04/2017 14:40:56,039] [] [INFO] [org.hibernate.ejb.Ejb3Configuration]:530 - HHH000204: Processing PersistenceUnitInfo [
	name: mainPU
	...]
[13/04/2017 14:40:56,048] [] [INFO] [org.hibernate.service.jdbc.connections.internal.ConnectionProviderInitiator]:188 - HHH000130: Instantiating explicit connection provider: org.hibernate.ejb.connection.InjectedDataSourceConnectionProvider
[13/04/2017 14:40:56,532] [] [INFO] [org.hibernate.ejb.Ejb3Configuration]:530 - HHH000204: Processing PersistenceUnitInfo [
	name: mainPU
	...]
[13/04/2017 14:40:56,538] [] [INFO] [org.hibernate.service.jdbc.connections.internal.ConnectionProviderInitiator]:188 - HHH000130: Instantiating explicit connection provider: org.hibernate.ejb.connection.InjectedDataSourceConnectionProvider
[13/04/2017 14:40:56,825] [] [INFO] [org.hibernate.dialect.Dialect]:130 - HHH000400: Using dialect: org.hibernate.dialect.MySQLDialect
[13/04/2017 14:40:56,833] [] [INFO] [org.hibernate.dialect.Dialect]:130 - HHH000400: Using dialect: org.hibernate.dialect.MySQLDialect
[13/04/2017 14:40:56,830] [] [INFO] [org.hibernate.dialect.Dialect]:130 - HHH000400: Using dialect: org.hibernate.dialect.MySQLDialect
[13/04/2017 14:40:56,928] [] [INFO] [org.hibernate.engine.transaction.internal.TransactionFactoryInitiator]:73 - HHH000268: Transaction strategy: org.hibernate.engine.transaction.internal.jta.CMTTransactionFactory
[13/04/2017 14:40:56,942] [] [INFO] [org.hibernate.hql.internal.ast.ASTQueryTranslatorFactory]:48 - HHH000397: Using ASTQueryTranslatorFactory
[13/04/2017 14:40:56,965] [] [INFO] [org.hibernate.engine.transaction.internal.TransactionFactoryInitiator]:73 - HHH000268: Transaction strategy: org.hibernate.engine.transaction.internal.jta.CMTTransactionFactory
[13/04/2017 14:40:56,982] [] [INFO] [org.hibernate.hql.internal.ast.ASTQueryTranslatorFactory]:48 - HHH000397: Using ASTQueryTranslatorFactory
[13/04/2017 14:40:57,005] [] [INFO] [org.hibernate.engine.transaction.internal.TransactionFactoryInitiator]:73 - HHH000268: Transaction strategy: org.hibernate.engine.transaction.internal.jta.CMTTransactionFactory
[13/04/2017 14:40:57,019] [] [INFO] [org.hibernate.hql.internal.ast.ASTQueryTranslatorFactory]:48 - HHH000397: Using ASTQueryTranslatorFactory
[13/04/2017 14:40:57,144] [] [WARN] [org.hibernate.ejb.internal.EntityManagerFactoryRegistry]:80 - HHH000436: Entity manager factory name (mainPU) is already registered.  If entity manager will be clustered or passivated, specify a unique value for property 'hibernate.ejb.entitymanager_factory_name'
[13/04/2017 14:40:57,192] [] [INFO] [org.hibernate.ejb.Ejb3Configuration]:530 - HHH000204: Processing PersistenceUnitInfo [
	name: mainPU
	...]
[13/04/2017 14:40:57,193] [] [INFO] [org.hibernate.ejb.Ejb3Configuration]:530 - HHH000204: Processing PersistenceUnitInfo [
	name: mainPU
	...]
[13/04/2017 14:40:57,196] [] [INFO] [org.hibernate.service.jdbc.connections.internal.ConnectionProviderInitiator]:188 - HHH000130: Instantiating explicit connection provider: org.hibernate.ejb.connection.InjectedDataSourceConnectionProvider
[13/04/2017 14:40:57,199] [] [WARN] [org.hibernate.ejb.internal.EntityManagerFactoryRegistry]:80 - HHH000436: Entity manager factory name (mainPU) is already registered.  If entity manager will be clustered or passivated, specify a unique value for property 'hibernate.ejb.entitymanager_factory_name'
[13/04/2017 14:40:57,229] [] [INFO] [org.hibernate.service.jdbc.connections.internal.ConnectionProviderInitiator]:188 - HHH000130: Instantiating explicit connection provider: org.hibernate.ejb.connection.InjectedDataSourceConnectionProvider
[13/04/2017 14:40:57,270] [] [INFO] [org.hibernate.dialect.Dialect]:130 - HHH000400: Using dialect: org.hibernate.dialect.MySQLDialect
[13/04/2017 14:40:57,282] [] [INFO] [org.hibernate.ejb.Ejb3Configuration]:530 - HHH000204: Processing PersistenceUnitInfo [
	name: mainPU
	...]
[13/04/2017 14:40:57,334] [] [INFO] [org.hibernate.service.jdbc.connections.internal.ConnectionProviderInitiator]:188 - HHH000130: Instantiating explicit connection provider: org.hibernate.ejb.connection.InjectedDataSourceConnectionProvider
[13/04/2017 14:40:57,353] [] [INFO] [org.hibernate.dialect.Dialect]:130 - HHH000400: Using dialect: org.hibernate.dialect.MySQLDialect
[13/04/2017 14:40:57,362] [] [INFO] [org.hibernate.dialect.Dialect]:130 - HHH000400: Using dialect: org.hibernate.dialect.MySQLDialect
[13/04/2017 14:40:57,407] [] [INFO] [org.hibernate.engine.transaction.internal.TransactionFactoryInitiator]:73 - HHH000268: Transaction strategy: org.hibernate.engine.transaction.internal.jta.CMTTransactionFactory
[13/04/2017 14:40:57,407] [] [INFO] [org.hibernate.engine.transaction.internal.TransactionFactoryInitiator]:73 - HHH000268: Transaction strategy: org.hibernate.engine.transaction.internal.jta.CMTTransactionFactory
[13/04/2017 14:40:57,416] [] [INFO] [org.hibernate.hql.internal.ast.ASTQueryTranslatorFactory]:48 - HHH000397: Using ASTQueryTranslatorFactory
[13/04/2017 14:40:57,423] [] [INFO] [org.hibernate.hql.internal.ast.ASTQueryTranslatorFactory]:48 - HHH000397: Using ASTQueryTranslatorFactory
[13/04/2017 14:40:57,439] [] [INFO] [org.hibernate.engine.transaction.internal.TransactionFactoryInitiator]:73 - HHH000268: Transaction strategy: org.hibernate.engine.transaction.internal.jta.CMTTransactionFactory
[13/04/2017 14:40:57,441] [] [INFO] [org.hibernate.hql.internal.ast.ASTQueryTranslatorFactory]:48 - HHH000397: Using ASTQueryTranslatorFactory
[13/04/2017 14:40:57,518] [] [WARN] [org.hibernate.ejb.internal.EntityManagerFactoryRegistry]:80 - HHH000436: Entity manager factory name (mainPU) is already registered.  If entity manager will be clustered or passivated, specify a unique value for property 'hibernate.ejb.entitymanager_factory_name'
[13/04/2017 14:40:57,566] [] [WARN] [org.hibernate.ejb.internal.EntityManagerFactoryRegistry]:80 - HHH000436: Entity manager factory name (mainPU) is already registered.  If entity manager will be clustered or passivated, specify a unique value for property 'hibernate.ejb.entitymanager_factory_name'
[13/04/2017 14:40:57,629] [] [WARN] [org.hibernate.ejb.internal.EntityManagerFactoryRegistry]:80 - HHH000436: Entity manager factory name (mainPU) is already registered.  If entity manager will be clustered or passivated, specify a unique value for property 'hibernate.ejb.entitymanager_factory_name'
[13/04/2017 14:41:01,420] [] [INFO] [org.hibernate.ejb.Ejb3Configuration]:530 - HHH000204: Processing PersistenceUnitInfo [
	name: mainPU
	...]
[13/04/2017 14:41:01,432] [] [INFO] [org.hibernate.service.jdbc.connections.internal.ConnectionProviderInitiator]:188 - HHH000130: Instantiating explicit connection provider: org.hibernate.ejb.connection.InjectedDataSourceConnectionProvider
[13/04/2017 14:41:01,484] [] [INFO] [org.hibernate.dialect.Dialect]:130 - HHH000400: Using dialect: org.hibernate.dialect.MySQLDialect
[13/04/2017 14:41:01,540] [] [INFO] [org.hibernate.engine.transaction.internal.TransactionFactoryInitiator]:73 - HHH000268: Transaction strategy: org.hibernate.engine.transaction.internal.jta.CMTTransactionFactory
[13/04/2017 14:41:01,551] [] [INFO] [org.hibernate.hql.internal.ast.ASTQueryTranslatorFactory]:48 - HHH000397: Using ASTQueryTranslatorFactory
[13/04/2017 14:41:01,692] [] [WARN] [org.hibernate.ejb.internal.EntityManagerFactoryRegistry]:80 - HHH000436: Entity manager factory name (mainPU) is already registered.  If entity manager will be clustered or passivated, specify a unique value for property 'hibernate.ejb.entitymanager_factory_name'
[13/04/2017 14:41:01,725] [] [INFO] [org.hibernate.ejb.Ejb3Configuration]:530 - HHH000204: Processing PersistenceUnitInfo [
	name: mainPU
	...]
[13/04/2017 14:41:01,737] [] [INFO] [org.hibernate.service.jdbc.connections.internal.ConnectionProviderInitiator]:188 - HHH000130: Instantiating explicit connection provider: org.hibernate.ejb.connection.InjectedDataSourceConnectionProvider
[13/04/2017 14:41:01,746] [] [INFO] [org.hibernate.dialect.Dialect]:130 - HHH000400: Using dialect: org.hibernate.dialect.MySQLDialect
[13/04/2017 14:41:01,807] [] [INFO] [org.hibernate.engine.transaction.internal.TransactionFactoryInitiator]:73 - HHH000268: Transaction strategy: org.hibernate.engine.transaction.internal.jta.CMTTransactionFactory
[13/04/2017 14:41:01,809] [] [INFO] [org.hibernate.hql.internal.ast.ASTQueryTranslatorFactory]:48 - HHH000397: Using ASTQueryTranslatorFactory
[13/04/2017 14:41:01,857] [] [WARN] [org.hibernate.ejb.internal.EntityManagerFactoryRegistry]:80 - HHH000436: Entity manager factory name (mainPU) is already registered.  If entity manager will be clustered or passivated, specify a unique value for property 'hibernate.ejb.entitymanager_factory_name'
[13/04/2017 14:41:32,481] [] [INFO] [org.jboss.as.server]:137 - JBAS015859: Deployed "mate-search.war" (runtime-name : "mate-search.war")
[13/04/2017 14:41:32,502] [] [INFO] [org.jboss.as.server]:137 - JBAS015859: Deployed "hotel-mapper.war" (runtime-name : "hotel-mapper.war")
[13/04/2017 14:41:32,504] [] [INFO] [org.jboss.as.server]:137 - JBAS015859: Deployed "feed-downloader.war" (runtime-name : "feed-downloader.war")
[13/04/2017 14:41:32,510] [] [INFO] [org.jboss.as.server]:137 - JBAS015859: Deployed "destination-mapper.war" (runtime-name : "destination-mapper.war")
[13/04/2017 14:41:32,721] [] [INFO] [org.jboss.as]:114 - JBAS015961: Http management interface listening on http://0.0.0.0:9990/management
[13/04/2017 14:41:32,723] [] [INFO] [org.jboss.as]:116 - JBAS015951: Admin console listening on http://0.0.0.0:9990
[13/04/2017 14:41:32,724] [] [INFO] [org.jboss.as]:93 - JBAS015874: JBoss EAP 6.4.0.GA (AS 7.5.0.Final-redhat-21) started in 115925ms - Started 539 of 577 services (70 services are lazy, passive or on-demand)
